This is pdfTeX, Version 3.14159265-2.6-1.40.20 (MiKTeX 2.9.7200 64-bit) (preloaded format=pdflatex 2019.10.30)  30 AUG 2022 17:37
entering extended mode
**./mixrandregret_London2022.tex
(mixrandregret_London2022.tex
LaTeX2e <2019-10-01> patch level 1

("C:\Users\u0133260\AppData\Local\Programs\MiKTeX 2.9\tex/latex/beamer\beamer.c
ls"
Document Class: beamer 2020/05/06 v3.58 A class for typesetting presentations

("C:\Users\u0133260\AppData\Local\Programs\MiKTeX 2.9\tex/latex/beamer\beamerba
semodes.sty"
("C:\Users\u0133260\AppData\Local\Programs\MiKTeX 2.9\tex/latex/etoolbox\etoolb
ox.sty"
Package: etoolbox 2019/09/21 v2.5h e-TeX tools for LaTeX (JAW)
\etb@tempcnta=\count80
)
\beamer@tempbox=\box27
\beamer@tempcount=\count81
\c@beamerpauses=\count82

("C:\Users\u0133260\AppData\Local\Programs\MiKTeX 2.9\tex/latex/beamer\beamerba
sedecode.sty"
\beamer@slideinframe=\count83
\beamer@minimum=\count84
\beamer@decode@box=\box28
)
\beamer@commentbox=\box29
\beamer@modecount=\count85
)
("C:\Users\u0133260\AppData\Local\Programs\MiKTeX 2.9\tex/generic/oberdiek\ifpd
f.sty"
Package: ifpdf 2018/09/07 v3.3 Provides the ifpdf switch
)
\headdp=\dimen102
\footheight=\dimen103
\sidebarheight=\dimen104
\beamer@tempdim=\dimen105
\beamer@finalheight=\dimen106
\beamer@animht=\dimen107
\beamer@animdp=\dimen108
\beamer@animwd=\dimen109
\beamer@leftmargin=\dimen110
\beamer@rightmargin=\dimen111
\beamer@leftsidebar=\dimen112
\beamer@rightsidebar=\dimen113
\beamer@boxsize=\dimen114
\beamer@vboxoffset=\dimen115
\beamer@descdefault=\dimen116
\beamer@descriptionwidth=\dimen117
\beamer@lastskip=\skip41
\beamer@areabox=\box30
\beamer@animcurrent=\box31
\beamer@animshowbox=\box32
\beamer@sectionbox=\box33
\beamer@logobox=\box34
\beamer@linebox=\box35
\beamer@sectioncount=\count86
\beamer@subsubsectionmax=\count87
\beamer@subsectionmax=\count88
\beamer@sectionmax=\count89
\beamer@totalheads=\count90
\beamer@headcounter=\count91
\beamer@partstartpage=\count92
\beamer@sectionstartpage=\count93
\beamer@subsectionstartpage=\count94
\beamer@animationtempa=\count95
\beamer@animationtempb=\count96
\beamer@xpos=\count97
\beamer@ypos=\count98
\beamer@ypos@offset=\count99
\beamer@showpartnumber=\count100
\beamer@currentsubsection=\count101
\beamer@coveringdepth=\count102
\beamer@sectionadjust=\count103
\beamer@tocsectionnumber=\count104

("C:\Users\u0133260\AppData\Local\Programs\MiKTeX 2.9\tex/latex/beamer\beamerba
seoptions.sty"
("C:\Users\u0133260\AppData\Local\Programs\MiKTeX 2.9\tex/latex/graphics\keyval
.sty"
Package: keyval 2014/10/28 v1.15 key=value parser (DPC)
\KV@toks@=\toks14
))
\beamer@paperwidth=\skip42
\beamer@paperheight=\skip43

("C:\Users\u0133260\AppData\Local\Programs\MiKTeX 2.9\tex/latex/geometry\geomet
ry.sty"
Package: geometry 2018/04/16 v5.8 Page Geometry

("C:\Users\u0133260\AppData\Local\Programs\MiKTeX 2.9\tex/generic/oberdiek\ifvt
ex.sty"
Package: ifvtex 2016/05/16 v1.6 Detect VTeX and its facilities (HO)
Package ifvtex Info: VTeX not detected.
)
("C:\Users\u0133260\AppData\Local\Programs\MiKTeX 2.9\tex/generic/ifxetex\ifxet
ex.sty"
Package: ifxetex 2010/09/12 v0.6 Provides ifxetex conditional
)
\Gm@cnth=\count105
\Gm@cntv=\count106
\c@Gm@tempcnt=\count107
\Gm@bindingoffset=\dimen118
\Gm@wd@mp=\dimen119
\Gm@odd@mp=\dimen120
\Gm@even@mp=\dimen121
\Gm@layoutwidth=\dimen122
\Gm@layoutheight=\dimen123
\Gm@layouthoffset=\dimen124
\Gm@layoutvoffset=\dimen125
\Gm@dimlist=\toks15

("C:\Users\u0133260\AppData\Local\Programs\MiKTeX 2.9\tex/latex/geometry\geomet
ry.cfg"))
("C:\Users\u0133260\AppData\Local\Programs\MiKTeX 2.9\tex/latex/base\size10.clo
"
File: size10.clo 2019/08/27 v1.4j Standard LaTeX file (size option)
)
("C:\Users\u0133260\AppData\Local\Programs\MiKTeX 2.9\tex/latex/pgf/basiclayer\
pgfcore.sty"
("C:\Users\u0133260\AppData\Local\Programs\MiKTeX 2.9\tex/latex/graphics\graphi
cx.sty"
Package: graphicx 2017/06/01 v1.1a Enhanced LaTeX Graphics (DPC,SPQR)

("C:\Users\u0133260\AppData\Local\Programs\MiKTeX 2.9\tex/latex/graphics\graphi
cs.sty"
Package: graphics 2019/10/08 v1.3c Standard LaTeX Graphics (DPC,SPQR)

("C:\Users\u0133260\AppData\Local\Programs\MiKTeX 2.9\tex/latex/graphics\trig.s
ty"
Package: trig 2016/01/03 v1.10 sin cos tan (DPC)
)
("C:\Users\u0133260\AppData\Local\Programs\MiKTeX 2.9\tex/latex/graphics-cfg\gr
aphics.cfg"
File: graphics.cfg 2016/06/04 v1.11 sample graphics configuration
)
Package graphics Info: Driver file: pdftex.def on input line 105.

("C:\Users\u0133260\AppData\Local\Programs\MiKTeX 2.9\tex/latex/graphics-def\pd
ftex.def"
File: pdftex.def 2018/01/08 v1.0l Graphics/color driver for pdftex
))
\Gin@req@height=\dimen126
\Gin@req@width=\dimen127
)
("C:\Users\u0133260\AppData\Local\Programs\MiKTeX 2.9\tex/latex/pgf/systemlayer
\pgfsys.sty"
("C:\Users\u0133260\AppData\Local\Programs\MiKTeX 2.9\tex/latex/pgf/utilities\p
gfrcs.sty"
("C:\Users\u0133260\AppData\Local\Programs\MiKTeX 2.9\tex/generic/pgf/utilities
\pgfutil-common.tex"
\pgfutil@everybye=\toks16
\pgfutil@tempdima=\dimen128
\pgfutil@tempdimb=\dimen129

("C:\Users\u0133260\AppData\Local\Programs\MiKTeX 2.9\tex/generic/pgf/utilities
\pgfutil-common-lists.tex"))
("C:\Users\u0133260\AppData\Local\Programs\MiKTeX 2.9\tex/generic/pgf/utilities
\pgfutil-latex.def"
\pgfutil@abb=\box36

("C:\Users\u0133260\AppData\Local\Programs\MiKTeX 2.9\tex/latex/ms\everyshi.sty
"
Package: everyshi 2001/05/15 v3.00 EveryShipout Package (MS)
))
("C:\Users\u0133260\AppData\Local\Programs\MiKTeX 2.9\tex/generic/pgf/utilities
\pgfrcs.code.tex"
("C:\Users\u0133260\AppData\Local\Programs\MiKTeX 2.9\tex/generic/pgf\pgf.revis
ion.tex")
Package: pgfrcs 2019/08/03 v3.1.4b (3.1.4b)
))
("C:\Users\u0133260\AppData\Local\Programs\MiKTeX 2.9\tex/generic/pgf/systemlay
er\pgfsys.code.tex"
Package: pgfsys 2019/08/03 v3.1.4b (3.1.4b)

("C:\Users\u0133260\AppData\Local\Programs\MiKTeX 2.9\tex/generic/pgf/utilities
\pgfkeys.code.tex"
\pgfkeys@pathtoks=\toks17
\pgfkeys@temptoks=\toks18

("C:\Users\u0133260\AppData\Local\Programs\MiKTeX 2.9\tex/generic/pgf/utilities
\pgfkeysfiltered.code.tex"
\pgfkeys@tmptoks=\toks19
))
\pgf@x=\dimen130
\pgf@y=\dimen131
\pgf@xa=\dimen132
\pgf@ya=\dimen133
\pgf@xb=\dimen134
\pgf@yb=\dimen135
\pgf@xc=\dimen136
\pgf@yc=\dimen137
\pgf@xd=\dimen138
\pgf@yd=\dimen139
\w@pgf@writea=\write3
\r@pgf@reada=\read1
\c@pgf@counta=\count108
\c@pgf@countb=\count109
\c@pgf@countc=\count110
\c@pgf@countd=\count111
\t@pgf@toka=\toks20
\t@pgf@tokb=\toks21
\t@pgf@tokc=\toks22
\pgf@sys@id@count=\count112

("C:\Users\u0133260\AppData\Local\Programs\MiKTeX 2.9\tex/generic/pgf/systemlay
er\pgf.cfg"
File: pgf.cfg 2019/08/03 v3.1.4b (3.1.4b)
)
Driver file for pgf: pgfsys-pdftex.def

("C:\Users\u0133260\AppData\Local\Programs\MiKTeX 2.9\tex/generic/pgf/systemlay
er\pgfsys-pdftex.def"
File: pgfsys-pdftex.def 2019/08/03 v3.1.4b (3.1.4b)

("C:\Users\u0133260\AppData\Local\Programs\MiKTeX 2.9\tex/generic/pgf/systemlay
er\pgfsys-common-pdf.def"
File: pgfsys-common-pdf.def 2019/08/03 v3.1.4b (3.1.4b)
)))
("C:\Users\u0133260\AppData\Local\Programs\MiKTeX 2.9\tex/generic/pgf/systemlay
er\pgfsyssoftpath.code.tex"
File: pgfsyssoftpath.code.tex 2019/08/03 v3.1.4b (3.1.4b)
\pgfsyssoftpath@smallbuffer@items=\count113
\pgfsyssoftpath@bigbuffer@items=\count114
)
("C:\Users\u0133260\AppData\Local\Programs\MiKTeX 2.9\tex/generic/pgf/systemlay
er\pgfsysprotocol.code.tex"
File: pgfsysprotocol.code.tex 2019/08/03 v3.1.4b (3.1.4b)
))
("C:\Users\u0133260\AppData\Local\Programs\MiKTeX 2.9\tex/latex/xcolor\xcolor.s
ty"
Package: xcolor 2016/05/11 v2.12 LaTeX color extensions (UK)

("C:\Users\u0133260\AppData\Local\Programs\MiKTeX 2.9\tex/latex/graphics-cfg\co
lor.cfg"
File: color.cfg 2016/01/02 v1.6 sample color configuration
)
Package xcolor Info: Driver file: pdftex.def on input line 225.
Package xcolor Info: Model `cmy' substituted by `cmy0' on input line 1348.
Package xcolor Info: Model `hsb' substituted by `rgb' on input line 1352.
Package xcolor Info: Model `RGB' extended on input line 1364.
Package xcolor Info: Model `HTML' substituted by `rgb' on input line 1366.
Package xcolor Info: Model `Hsb' substituted by `hsb' on input line 1367.
Package xcolor Info: Model `tHsb' substituted by `hsb' on input line 1368.
Package xcolor Info: Model `HSB' substituted by `hsb' on input line 1369.
Package xcolor Info: Model `Gray' substituted by `gray' on input line 1370.
Package xcolor Info: Model `wave' substituted by `hsb' on input line 1371.
)
("C:\Users\u0133260\AppData\Local\Programs\MiKTeX 2.9\tex/generic/pgf/basiclaye
r\pgfcore.code.tex"
Package: pgfcore 2019/08/03 v3.1.4b (3.1.4b)

("C:\Users\u0133260\AppData\Local\Programs\MiKTeX 2.9\tex/generic/pgf/math\pgfm
ath.code.tex"
("C:\Users\u0133260\AppData\Local\Programs\MiKTeX 2.9\tex/generic/pgf/math\pgfm
athcalc.code.tex"
("C:\Users\u0133260\AppData\Local\Programs\MiKTeX 2.9\tex/generic/pgf/math\pgfm
athutil.code.tex")
("C:\Users\u0133260\AppData\Local\Programs\MiKTeX 2.9\tex/generic/pgf/math\pgfm
athparser.code.tex"
\pgfmath@dimen=\dimen140
\pgfmath@count=\count115
\pgfmath@box=\box37
\pgfmath@toks=\toks23
\pgfmath@stack@operand=\toks24
\pgfmath@stack@operation=\toks25
)
("C:\Users\u0133260\AppData\Local\Programs\MiKTeX 2.9\tex/generic/pgf/math\pgfm
athfunctions.code.tex"
("C:\Users\u0133260\AppData\Local\Programs\MiKTeX 2.9\tex/generic/pgf/math\pgfm
athfunctions.basic.code.tex")
("C:\Users\u0133260\AppData\Local\Programs\MiKTeX 2.9\tex/generic/pgf/math\pgfm
athfunctions.trigonometric.code.tex")
("C:\Users\u0133260\AppData\Local\Programs\MiKTeX 2.9\tex/generic/pgf/math\pgfm
athfunctions.random.code.tex")
("C:\Users\u0133260\AppData\Local\Programs\MiKTeX 2.9\tex/generic/pgf/math\pgfm
athfunctions.comparison.code.tex")
("C:\Users\u0133260\AppData\Local\Programs\MiKTeX 2.9\tex/generic/pgf/math\pgfm
athfunctions.base.code.tex")
("C:\Users\u0133260\AppData\Local\Programs\MiKTeX 2.9\tex/generic/pgf/math\pgfm
athfunctions.round.code.tex")
("C:\Users\u0133260\AppData\Local\Programs\MiKTeX 2.9\tex/generic/pgf/math\pgfm
athfunctions.misc.code.tex")
("C:\Users\u0133260\AppData\Local\Programs\MiKTeX 2.9\tex/generic/pgf/math\pgfm
athfunctions.integerarithmetics.code.tex")))
("C:\Users\u0133260\AppData\Local\Programs\MiKTeX 2.9\tex/generic/pgf/math\pgfm
athfloat.code.tex"
\c@pgfmathroundto@lastzeros=\count116
))
("C:\Users\u0133260\AppData\Local\Programs\MiKTeX 2.9\tex/generic/pgf/math\pgfi
nt.code.tex")
("C:\Users\u0133260\AppData\Local\Programs\MiKTeX 2.9\tex/generic/pgf/basiclaye
r\pgfcorepoints.code.tex"
File: pgfcorepoints.code.tex 2019/08/03 v3.1.4b (3.1.4b)
\pgf@picminx=\dimen141
\pgf@picmaxx=\dimen142
\pgf@picminy=\dimen143
\pgf@picmaxy=\dimen144
\pgf@pathminx=\dimen145
\pgf@pathmaxx=\dimen146
\pgf@pathminy=\dimen147
\pgf@pathmaxy=\dimen148
\pgf@xx=\dimen149
\pgf@xy=\dimen150
\pgf@yx=\dimen151
\pgf@yy=\dimen152
\pgf@zx=\dimen153
\pgf@zy=\dimen154
)
("C:\Users\u0133260\AppData\Local\Programs\MiKTeX 2.9\tex/generic/pgf/basiclaye
r\pgfcorepathconstruct.code.tex"
File: pgfcorepathconstruct.code.tex 2019/08/03 v3.1.4b (3.1.4b)
\pgf@path@lastx=\dimen155
\pgf@path@lasty=\dimen156
)
("C:\Users\u0133260\AppData\Local\Programs\MiKTeX 2.9\tex/generic/pgf/basiclaye
r\pgfcorepathusage.code.tex"
File: pgfcorepathusage.code.tex 2019/08/03 v3.1.4b (3.1.4b)
\pgf@shorten@end@additional=\dimen157
\pgf@shorten@start@additional=\dimen158
)
("C:\Users\u0133260\AppData\Local\Programs\MiKTeX 2.9\tex/generic/pgf/basiclaye
r\pgfcorescopes.code.tex"
File: pgfcorescopes.code.tex 2019/08/03 v3.1.4b (3.1.4b)
\pgfpic=\box38
\pgf@hbox=\box39
\pgf@layerbox@main=\box40
\pgf@picture@serial@count=\count117
)
("C:\Users\u0133260\AppData\Local\Programs\MiKTeX 2.9\tex/generic/pgf/basiclaye
r\pgfcoregraphicstate.code.tex"
File: pgfcoregraphicstate.code.tex 2019/08/03 v3.1.4b (3.1.4b)
\pgflinewidth=\dimen159
)
("C:\Users\u0133260\AppData\Local\Programs\MiKTeX 2.9\tex/generic/pgf/basiclaye
r\pgfcoretransformations.code.tex"
File: pgfcoretransformations.code.tex 2019/08/03 v3.1.4b (3.1.4b)
\pgf@pt@x=\dimen160
\pgf@pt@y=\dimen161
\pgf@pt@temp=\dimen162
)
("C:\Users\u0133260\AppData\Local\Programs\MiKTeX 2.9\tex/generic/pgf/basiclaye
r\pgfcorequick.code.tex"
File: pgfcorequick.code.tex 2019/08/03 v3.1.4b (3.1.4b)
)
("C:\Users\u0133260\AppData\Local\Programs\MiKTeX 2.9\tex/generic/pgf/basiclaye
r\pgfcoreobjects.code.tex"
File: pgfcoreobjects.code.tex 2019/08/03 v3.1.4b (3.1.4b)
)
("C:\Users\u0133260\AppData\Local\Programs\MiKTeX 2.9\tex/generic/pgf/basiclaye
r\pgfcorepathprocessing.code.tex"
File: pgfcorepathprocessing.code.tex 2019/08/03 v3.1.4b (3.1.4b)
)
("C:\Users\u0133260\AppData\Local\Programs\MiKTeX 2.9\tex/generic/pgf/basiclaye
r\pgfcorearrows.code.tex"
File: pgfcorearrows.code.tex 2019/08/03 v3.1.4b (3.1.4b)
\pgfarrowsep=\dimen163
)
("C:\Users\u0133260\AppData\Local\Programs\MiKTeX 2.9\tex/generic/pgf/basiclaye
r\pgfcoreshade.code.tex"
File: pgfcoreshade.code.tex 2019/08/03 v3.1.4b (3.1.4b)
\pgf@max=\dimen164
\pgf@sys@shading@range@num=\count118
\pgf@shadingcount=\count119
)
("C:\Users\u0133260\AppData\Local\Programs\MiKTeX 2.9\tex/generic/pgf/basiclaye
r\pgfcoreimage.code.tex"
File: pgfcoreimage.code.tex 2019/08/03 v3.1.4b (3.1.4b)

("C:\Users\u0133260\AppData\Local\Programs\MiKTeX 2.9\tex/generic/pgf/basiclaye
r\pgfcoreexternal.code.tex"
File: pgfcoreexternal.code.tex 2019/08/03 v3.1.4b (3.1.4b)
\pgfexternal@startupbox=\box41
))
("C:\Users\u0133260\AppData\Local\Programs\MiKTeX 2.9\tex/generic/pgf/basiclaye
r\pgfcorelayers.code.tex"
File: pgfcorelayers.code.tex 2019/08/03 v3.1.4b (3.1.4b)
)
("C:\Users\u0133260\AppData\Local\Programs\MiKTeX 2.9\tex/generic/pgf/basiclaye
r\pgfcoretransparency.code.tex"
File: pgfcoretransparency.code.tex 2019/08/03 v3.1.4b (3.1.4b)
)
("C:\Users\u0133260\AppData\Local\Programs\MiKTeX 2.9\tex/generic/pgf/basiclaye
r\pgfcorepatterns.code.tex"
File: pgfcorepatterns.code.tex 2019/08/03 v3.1.4b (3.1.4b)
)
("C:\Users\u0133260\AppData\Local\Programs\MiKTeX 2.9\tex/generic/pgf/basiclaye
r\pgfcorerdf.code.tex"
File: pgfcorerdf.code.tex 2019/08/03 v3.1.4b (3.1.4b)
)))
("C:\Users\u0133260\AppData\Local\Programs\MiKTeX 2.9\tex/latex/pgf/utilities\x
xcolor.sty"
Package: xxcolor 2003/10/24 ver 0.1
\XC@nummixins=\count120
\XC@countmixins=\count121
)
("C:\Users\u0133260\AppData\Local\Programs\MiKTeX 2.9\tex/generic/oberdiek\atbe
gshi.sty"
Package: atbegshi 2016/06/09 v1.18 At begin shipout hook (HO)

("C:\Users\u0133260\AppData\Local\Programs\MiKTeX 2.9\tex/generic/oberdiek\infw
arerr.sty"
Package: infwarerr 2016/05/16 v1.4 Providing info/warning/error messages (HO)
)
("C:\Users\u0133260\AppData\Local\Programs\MiKTeX 2.9\tex/generic/oberdiek\ltxc
mds.sty"
Package: ltxcmds 2016/05/16 v1.23 LaTeX kernel commands for general use (HO)
))
("C:\Users\u0133260\AppData\Local\Programs\MiKTeX 2.9\tex/latex/hyperref\hyperr
ef.sty"
Package: hyperref 2019/09/28 v7.00a Hypertext links for LaTeX

("C:\Users\u0133260\AppData\Local\Programs\MiKTeX 2.9\tex/generic/oberdiek\hobs
ub-hyperref.sty"
Package: hobsub-hyperref 2016/05/16 v1.14 Bundle oberdiek, subset hyperref (HO)


("C:\Users\u0133260\AppData\Local\Programs\MiKTeX 2.9\tex/generic/oberdiek\hobs
ub-generic.sty"
Package: hobsub-generic 2016/05/16 v1.14 Bundle oberdiek, subset generic (HO)
Package: hobsub 2016/05/16 v1.14 Construct package bundles (HO)
Package hobsub Info: Skipping package `infwarerr' (already loaded).
Package hobsub Info: Skipping package `ltxcmds' (already loaded).
Package: ifluatex 2016/05/16 v1.4 Provides the ifluatex switch (HO)
Package ifluatex Info: LuaTeX not detected.
Package hobsub Info: Skipping package `ifvtex' (already loaded).
Package: intcalc 2016/05/16 v1.2 Expandable calculations with integers (HO)
Package hobsub Info: Skipping package `ifpdf' (already loaded).
Package: etexcmds 2016/05/16 v1.6 Avoid name clashes with e-TeX commands (HO)
Package: kvsetkeys 2016/05/16 v1.17 Key value parser (HO)
Package: kvdefinekeys 2016/05/16 v1.4 Define keys (HO)
Package: pdftexcmds 2019/07/25 v0.30 Utility functions of pdfTeX for LuaTeX (HO
)
Package pdftexcmds Info: LuaTeX not detected.
Package pdftexcmds Info: \pdf@primitive is available.
Package pdftexcmds Info: \pdf@ifprimitive is available.
Package pdftexcmds Info: \pdfdraftmode found.
Package: pdfescape 2016/05/16 v1.14 Implements pdfTeX's escape features (HO)
Package: bigintcalc 2016/05/16 v1.4 Expandable calculations on big integers (HO
)
Package: bitset 2016/05/16 v1.2 Handle bit-vector datatype (HO)
Package: uniquecounter 2016/05/16 v1.3 Provide unlimited unique counter (HO)
)
Package hobsub Info: Skipping package `hobsub' (already loaded).
Package: letltxmacro 2016/05/16 v1.5 Let assignment for LaTeX macros (HO)
Package: hopatch 2016/05/16 v1.3 Wrapper for package hooks (HO)
Package: xcolor-patch 2016/05/16 xcolor patch
Package: atveryend 2016/05/16 v1.9 Hooks at the very end of document (HO)
Package hobsub Info: Skipping package `atbegshi' (already loaded).
Package: refcount 2016/05/16 v3.5 Data extraction from label references (HO)
Package: hycolor 2016/05/16 v1.8 Color options for hyperref/bookmark (HO)
)
("C:\Users\u0133260\AppData\Local\Programs\MiKTeX 2.9\tex/latex/oberdiek\auxhoo
k.sty"
Package: auxhook 2016/05/16 v1.4 Hooks for auxiliary files (HO)
)
("C:\Users\u0133260\AppData\Local\Programs\MiKTeX 2.9\tex/latex/oberdiek\kvopti
ons.sty"
Package: kvoptions 2016/05/16 v3.12 Key value format for package options (HO)
)
\@linkdim=\dimen165
\Hy@linkcounter=\count122
\Hy@pagecounter=\count123

("C:\Users\u0133260\AppData\Local\Programs\MiKTeX 2.9\tex/latex/hyperref\pd1enc
.def"
File: pd1enc.def 2019/09/28 v7.00a Hyperref: PDFDocEncoding definition (HO)
Now handling font encoding PD1 ...
... no UTF-8 mapping file for font encoding PD1
)
\Hy@SavedSpaceFactor=\count124

("C:\Users\u0133260\AppData\Local\Programs\MiKTeX 2.9\tex/latex/00miktex\hyperr
ef.cfg"
File: hyperref.cfg 2002/06/06 v1.2 hyperref configuration of TeXLive
)
Package hyperref Info: Option `bookmarks' set `true' on input line 4414.
Package hyperref Info: Option `bookmarksopen' set `true' on input line 4414.
Package hyperref Info: Option `implicit' set `false' on input line 4414.
Package hyperref Info: Hyper figures OFF on input line 4540.
Package hyperref Info: Link nesting OFF on input line 4545.
Package hyperref Info: Hyper index ON on input line 4548.
Package hyperref Info: Plain pages OFF on input line 4555.
Package hyperref Info: Backreferencing OFF on input line 4560.
Package hyperref Info: Implicit mode OFF; no redefinition of LaTeX internals.
Package hyperref Info: Bookmarks ON on input line 4793.
\c@Hy@tempcnt=\count125

("C:\Users\u0133260\AppData\Local\Programs\MiKTeX 2.9\tex/latex/url\url.sty"
\Urlmuskip=\muskip10
Package: url 2013/09/16  ver 3.4  Verb mode for urls, etc.
)
LaTeX Info: Redefining \url on input line 5152.
\XeTeXLinkMargin=\dimen166
\Fld@menulength=\count126
\Field@Width=\dimen167
\Fld@charsize=\dimen168
Package hyperref Info: Hyper figures OFF on input line 6423.
Package hyperref Info: Link nesting OFF on input line 6428.
Package hyperref Info: Hyper index ON on input line 6431.
Package hyperref Info: backreferencing OFF on input line 6438.
Package hyperref Info: Link coloring OFF on input line 6443.
Package hyperref Info: Link coloring with OCG OFF on input line 6448.
Package hyperref Info: PDF/A mode OFF on input line 6453.
LaTeX Info: Redefining \ref on input line 6493.
LaTeX Info: Redefining \pageref on input line 6497.
\Hy@abspage=\count127


Package hyperref Message: Stopped early.

)
Package hyperref Info: Driver (autodetected): hpdftex.

("C:\Users\u0133260\AppData\Local\Programs\MiKTeX 2.9\tex/latex/hyperref\hpdfte
x.def"
File: hpdftex.def 2019/09/28 v7.00a Hyperref driver for pdfTeX
\Fld@listcount=\count128
\c@bookmark@seq@number=\count129

("C:\Users\u0133260\AppData\Local\Programs\MiKTeX 2.9\tex/latex/oberdiek\rerunf
ilecheck.sty"
Package: rerunfilecheck 2016/05/16 v1.8 Rerun checks for auxiliary files (HO)
Package uniquecounter Info: New unique counter `rerunfilecheck' on input line 2
82.
))
("C:\Users\u0133260\AppData\Local\Programs\MiKTeX 2.9\tex/latex/beamer\beamerba
serequires.sty"
("C:\Users\u0133260\AppData\Local\Programs\MiKTeX 2.9\tex/latex/beamer\beamerba
secompatibility.sty")
("C:\Users\u0133260\AppData\Local\Programs\MiKTeX 2.9\tex/latex/beamer\beamerba
sefont.sty"
("C:\Users\u0133260\AppData\Local\Programs\MiKTeX 2.9\tex/latex/amsfonts\amssym
b.sty"
Package: amssymb 2013/01/14 v3.01 AMS font symbols

("C:\Users\u0133260\AppData\Local\Programs\MiKTeX 2.9\tex/latex/amsfonts\amsfon
ts.sty"
Package: amsfonts 2013/01/14 v3.01 Basic AMSFonts support
\@emptytoks=\toks26
\symAMSa=\mathgroup4
\symAMSb=\mathgroup5
LaTeX Font Info:    Redeclaring math symbol \hbar on input line 98.
LaTeX Font Info:    Overwriting math alphabet `\mathfrak' in version `bold'
(Font)                  U/euf/m/n --> U/euf/b/n on input line 106.
))
("C:\Users\u0133260\AppData\Local\Programs\MiKTeX 2.9\tex/latex/sansmathaccent\
sansmathaccent.sty"
Package: sansmathaccent 2020/01/31

("C:\Users\u0133260\AppData\Local\Programs\MiKTeX 2.9\tex/latex/koma-script\scr
lfile.sty"
Package: scrlfile 2020/04/19 v3.30 KOMA-Script package (loading files)
)))
("C:\Users\u0133260\AppData\Local\Programs\MiKTeX 2.9\tex/latex/beamer\beamerba
setranslator.sty"
("C:\Users\u0133260\AppData\Local\Programs\MiKTeX 2.9\tex/latex/translator\tran
slator.sty"
Package: translator 2019-05-31 v1.12a Easy translation of strings in LaTeX
))
("C:\Users\u0133260\AppData\Local\Programs\MiKTeX 2.9\tex/latex/beamer\beamerba
semisc.sty")
("C:\Users\u0133260\AppData\Local\Programs\MiKTeX 2.9\tex/latex/beamer\beamerba
setwoscreens.sty")
("C:\Users\u0133260\AppData\Local\Programs\MiKTeX 2.9\tex/latex/beamer\beamerba
seoverlay.sty"
\beamer@argscount=\count130
\beamer@lastskipcover=\skip44
\beamer@trivlistdepth=\count131
)
("C:\Users\u0133260\AppData\Local\Programs\MiKTeX 2.9\tex/latex/beamer\beamerba
setitle.sty")
("C:\Users\u0133260\AppData\Local\Programs\MiKTeX 2.9\tex/latex/beamer\beamerba
sesection.sty"
\c@lecture=\count132
\c@part=\count133
\c@section=\count134
\c@subsection=\count135
\c@subsubsection=\count136
)
("C:\Users\u0133260\AppData\Local\Programs\MiKTeX 2.9\tex/latex/beamer\beamerba
seframe.sty"
\beamer@framebox=\box42
\beamer@frametitlebox=\box43
\beamer@zoombox=\box44
\beamer@zoomcount=\count137
\beamer@zoomframecount=\count138
\beamer@frametextheight=\dimen169
\c@subsectionslide=\count139
\beamer@frametopskip=\skip45
\beamer@framebottomskip=\skip46
\beamer@frametopskipautobreak=\skip47
\beamer@framebottomskipautobreak=\skip48
\beamer@envbody=\toks27
\framewidth=\dimen170
\c@framenumber=\count140
)
("C:\Users\u0133260\AppData\Local\Programs\MiKTeX 2.9\tex/latex/beamer\beamerba
severbatim.sty"
\beamer@verbatimfileout=\write4
)
("C:\Users\u0133260\AppData\Local\Programs\MiKTeX 2.9\tex/latex/beamer\beamerba
seframesize.sty"
\beamer@splitbox=\box45
\beamer@autobreakcount=\count141
\beamer@autobreaklastheight=\dimen171
\beamer@frametitletoks=\toks28
\beamer@framesubtitletoks=\toks29
)
("C:\Users\u0133260\AppData\Local\Programs\MiKTeX 2.9\tex/latex/beamer\beamerba
seframecomponents.sty"
\beamer@footins=\box46
)
("C:\Users\u0133260\AppData\Local\Programs\MiKTeX 2.9\tex/latex/beamer\beamerba
secolor.sty")
("C:\Users\u0133260\AppData\Local\Programs\MiKTeX 2.9\tex/latex/beamer\beamerba
senotes.sty"
\beamer@frameboxcopy=\box47
)
("C:\Users\u0133260\AppData\Local\Programs\MiKTeX 2.9\tex/latex/beamer\beamerba
setoc.sty")
("C:\Users\u0133260\AppData\Local\Programs\MiKTeX 2.9\tex/latex/beamer\beamerba
setemplates.sty"
\beamer@sbttoks=\toks30

("C:\Users\u0133260\AppData\Local\Programs\MiKTeX 2.9\tex/latex/beamer\beamerba
seauxtemplates.sty"
("C:\Users\u0133260\AppData\Local\Programs\MiKTeX 2.9\tex/latex/beamer\beamerba
seboxes.sty"
\bmb@box=\box48
\bmb@colorbox=\box49
\bmb@boxshadow=\box50
\bmb@boxshadowball=\box51
\bmb@boxshadowballlarge=\box52
\bmb@temp=\dimen172
\bmb@dima=\dimen173
\bmb@dimb=\dimen174
\bmb@prevheight=\dimen175
)
\beamer@blockheadheight=\dimen176
))
("C:\Users\u0133260\AppData\Local\Programs\MiKTeX 2.9\tex/latex/beamer\beamerba
selocalstructure.sty"
("C:\Users\u0133260\AppData\Local\Programs\MiKTeX 2.9\tex/latex/tools\enumerate
.sty"
Package: enumerate 2015/07/23 v3.00 enumerate extensions (DPC)
\@enLab=\toks31
)
\c@figure=\count142
\c@table=\count143
\abovecaptionskip=\skip49
\belowcaptionskip=\skip50
)
("C:\Users\u0133260\AppData\Local\Programs\MiKTeX 2.9\tex/latex/beamer\beamerba
senavigation.sty"
\beamer@section@min@dim=\dimen177
)
("C:\Users\u0133260\AppData\Local\Programs\MiKTeX 2.9\tex/latex/beamer\beamerba
setheorems.sty"
("C:\Users\u0133260\AppData\Local\Programs\MiKTeX 2.9\tex/latex/amsmath\amsmath
.sty"
Package: amsmath 2019/04/01 v2.17c AMS math features
\@mathmargin=\skip51

For additional information on amsmath, use the `?' option.

("C:\Users\u0133260\AppData\Local\Programs\MiKTeX 2.9\tex/latex/amsmath\amstext
.sty"
Package: amstext 2000/06/29 v2.01 AMS text

("C:\Users\u0133260\AppData\Local\Programs\MiKTeX 2.9\tex/latex/amsmath\amsgen.
sty"
File: amsgen.sty 1999/11/30 v2.0 generic functions
\@emptytoks=\toks32
\ex@=\dimen178
))
("C:\Users\u0133260\AppData\Local\Programs\MiKTeX 2.9\tex/latex/amsmath\amsbsy.
sty"
Package: amsbsy 1999/11/29 v1.2d Bold Symbols
\pmbraise@=\dimen179
)
("C:\Users\u0133260\AppData\Local\Programs\MiKTeX 2.9\tex/latex/amsmath\amsopn.
sty"
Package: amsopn 2016/03/08 v2.02 operator names
)
\inf@bad=\count144
LaTeX Info: Redefining \frac on input line 227.
\uproot@=\count145
\leftroot@=\count146
LaTeX Info: Redefining \overline on input line 389.
\classnum@=\count147
\DOTSCASE@=\count148
LaTeX Info: Redefining \ldots on input line 486.
LaTeX Info: Redefining \dots on input line 489.
LaTeX Info: Redefining \cdots on input line 610.
\Mathstrutbox@=\box53
\strutbox@=\box54
\big@size=\dimen180
LaTeX Font Info:    Redeclaring font encoding OML on input line 733.
LaTeX Font Info:    Redeclaring font encoding OMS on input line 734.
\macc@depth=\count149
\c@MaxMatrixCols=\count150
\dotsspace@=\muskip11
\c@parentequation=\count151
\dspbrk@lvl=\count152
\tag@help=\toks33
\row@=\count153
\column@=\count154
\maxfields@=\count155
\andhelp@=\toks34
\eqnshift@=\dimen181
\alignsep@=\dimen182
\tagshift@=\dimen183
\tagwidth@=\dimen184
\totwidth@=\dimen185
\lineht@=\dimen186
\@envbody=\toks35
\multlinegap=\skip52
\multlinetaggap=\skip53
\mathdisplay@stack=\toks36
LaTeX Info: Redefining \[ on input line 2855.
LaTeX Info: Redefining \] on input line 2856.
)
("C:\Users\u0133260\AppData\Local\Programs\MiKTeX 2.9\tex/latex/amscls\amsthm.s
ty"
Package: amsthm 2017/10/31 v2.20.4
\thm@style=\toks37
\thm@bodyfont=\toks38
\thm@headfont=\toks39
\thm@notefont=\toks40
\thm@headpunct=\toks41
\thm@preskip=\skip54
\thm@postskip=\skip55
\thm@headsep=\skip56
\dth@everypar=\toks42
)
\c@theorem=\count156
)
("C:\Users\u0133260\AppData\Local\Programs\MiKTeX 2.9\tex/latex/beamer\beamerba
sethemes.sty"))
("C:\Users\u0133260\AppData\Local\Programs\MiKTeX 2.9\tex/latex/beamer\beamerth
emedefault.sty"
("C:\Users\u0133260\AppData\Local\Programs\MiKTeX 2.9\tex/latex/beamer\beamerfo
ntthemedefault.sty")
("C:\Users\u0133260\AppData\Local\Programs\MiKTeX 2.9\tex/latex/beamer\beamerco
lorthemedefault.sty")
("C:\Users\u0133260\AppData\Local\Programs\MiKTeX 2.9\tex/latex/beamer\beamerin
nerthemedefault.sty"
\beamer@dima=\dimen187
\beamer@dimb=\dimen188
)
("C:\Users\u0133260\AppData\Local\Programs\MiKTeX 2.9\tex/latex/beamer\beamerou
terthemedefault.sty"))) (beamerthemekuleuven2.sty
("C:\Users\u0133260\AppData\Local\Programs\MiKTeX 2.9\tex/latex/lm\lmodern.sty"
Package: lmodern 2009/10/30 v1.6 Latin Modern Fonts
LaTeX Font Info:    Overwriting symbol font `operators' in version `normal'
(Font)                  OT1/cmr/m/n --> OT1/lmr/m/n on input line 22.
LaTeX Font Info:    Overwriting symbol font `letters' in version `normal'
(Font)                  OML/cmm/m/it --> OML/lmm/m/it on input line 23.
LaTeX Font Info:    Overwriting symbol font `symbols' in version `normal'
(Font)                  OMS/cmsy/m/n --> OMS/lmsy/m/n on input line 24.
LaTeX Font Info:    Overwriting symbol font `largesymbols' in version `normal'
(Font)                  OMX/cmex/m/n --> OMX/lmex/m/n on input line 25.
LaTeX Font Info:    Overwriting symbol font `operators' in version `bold'
(Font)                  OT1/cmr/bx/n --> OT1/lmr/bx/n on input line 26.
LaTeX Font Info:    Overwriting symbol font `letters' in version `bold'
(Font)                  OML/cmm/b/it --> OML/lmm/b/it on input line 27.
LaTeX Font Info:    Overwriting symbol font `symbols' in version `bold'
(Font)                  OMS/cmsy/b/n --> OMS/lmsy/b/n on input line 28.
LaTeX Font Info:    Overwriting symbol font `largesymbols' in version `bold'
(Font)                  OMX/cmex/m/n --> OMX/lmex/m/n on input line 29.
LaTeX Font Info:    Overwriting math alphabet `\mathbf' in version `normal'
(Font)                  OT1/cmr/bx/n --> OT1/lmr/bx/n on input line 31.
LaTeX Font Info:    Overwriting math alphabet `\mathsf' in version `normal'
(Font)                  OT1/cmss/m/n --> OT1/lmss/m/n on input line 32.
LaTeX Font Info:    Overwriting math alphabet `\mathit' in version `normal'
(Font)                  OT1/cmr/m/it --> OT1/lmr/m/it on input line 33.
LaTeX Font Info:    Overwriting math alphabet `\mathtt' in version `normal'
(Font)                  OT1/cmtt/m/n --> OT1/lmtt/m/n on input line 34.
LaTeX Font Info:    Overwriting math alphabet `\mathbf' in version `bold'
(Font)                  OT1/cmr/bx/n --> OT1/lmr/bx/n on input line 35.
LaTeX Font Info:    Overwriting math alphabet `\mathsf' in version `bold'
(Font)                  OT1/cmss/bx/n --> OT1/lmss/bx/n on input line 36.
LaTeX Font Info:    Overwriting math alphabet `\mathit' in version `bold'
(Font)                  OT1/cmr/bx/it --> OT1/lmr/bx/it on input line 37.
LaTeX Font Info:    Overwriting math alphabet `\mathtt' in version `bold'
(Font)                  OT1/cmtt/m/n --> OT1/lmtt/m/n on input line 38.
)
("C:\Users\u0133260\AppData\Local\Programs\MiKTeX 2.9\tex/latex/pgf/frontendlay
er\tikz.sty"
("C:\Users\u0133260\AppData\Local\Programs\MiKTeX 2.9\tex/latex/pgf/basiclayer\
pgf.sty"
Package: pgf 2019/08/03 v3.1.4b (3.1.4b)

("C:\Users\u0133260\AppData\Local\Programs\MiKTeX 2.9\tex/generic/pgf/modules\p
gfmoduleshapes.code.tex"
File: pgfmoduleshapes.code.tex 2019/08/03 v3.1.4b (3.1.4b)
\pgfnodeparttextbox=\box55
)
("C:\Users\u0133260\AppData\Local\Programs\MiKTeX 2.9\tex/generic/pgf/modules\p
gfmoduleplot.code.tex"
File: pgfmoduleplot.code.tex 2019/08/03 v3.1.4b (3.1.4b)
)
("C:\Users\u0133260\AppData\Local\Programs\MiKTeX 2.9\tex/latex/pgf/compatibili
ty\pgfcomp-version-0-65.sty"
Package: pgfcomp-version-0-65 2019/08/03 v3.1.4b (3.1.4b)
\pgf@nodesepstart=\dimen189
\pgf@nodesepend=\dimen190
)
("C:\Users\u0133260\AppData\Local\Programs\MiKTeX 2.9\tex/latex/pgf/compatibili
ty\pgfcomp-version-1-18.sty"
Package: pgfcomp-version-1-18 2019/08/03 v3.1.4b (3.1.4b)
))
("C:\Users\u0133260\AppData\Local\Programs\MiKTeX 2.9\tex/latex/pgf/utilities\p
gffor.sty"
("C:\Users\u0133260\AppData\Local\Programs\MiKTeX 2.9\tex/latex/pgf/utilities\p
gfkeys.sty"
("C:\Users\u0133260\AppData\Local\Programs\MiKTeX 2.9\tex/generic/pgf/utilities
\pgfkeys.code.tex"))
("C:\Users\u0133260\AppData\Local\Programs\MiKTeX 2.9\tex/latex/pgf/math\pgfmat
h.sty"
("C:\Users\u0133260\AppData\Local\Programs\MiKTeX 2.9\tex/generic/pgf/math\pgfm
ath.code.tex"))
("C:\Users\u0133260\AppData\Local\Programs\MiKTeX 2.9\tex/generic/pgf/utilities
\pgffor.code.tex"
Package: pgffor 2019/08/03 v3.1.4b (3.1.4b)

("C:\Users\u0133260\AppData\Local\Programs\MiKTeX 2.9\tex/generic/pgf/math\pgfm
ath.code.tex")
\pgffor@iter=\dimen191
\pgffor@skip=\dimen192
\pgffor@stack=\toks43
\pgffor@toks=\toks44
))
("C:\Users\u0133260\AppData\Local\Programs\MiKTeX 2.9\tex/generic/pgf/frontendl
ayer/tikz\tikz.code.tex"
Package: tikz 2019/08/03 v3.1.4b (3.1.4b)

("C:\Users\u0133260\AppData\Local\Programs\MiKTeX 2.9\tex/generic/pgf/libraries
\pgflibraryplothandlers.code.tex"
File: pgflibraryplothandlers.code.tex 2019/08/03 v3.1.4b (3.1.4b)
\pgf@plot@mark@count=\count157
\pgfplotmarksize=\dimen193
)
\tikz@lastx=\dimen194
\tikz@lasty=\dimen195
\tikz@lastxsaved=\dimen196
\tikz@lastysaved=\dimen197
\tikz@lastmovetox=\dimen198
\tikz@lastmovetoy=\dimen199
\tikzleveldistance=\dimen256
\tikzsiblingdistance=\dimen257
\tikz@figbox=\box56
\tikz@figbox@bg=\box57
\tikz@tempbox=\box58
\tikz@tempbox@bg=\box59
\tikztreelevel=\count158
\tikznumberofchildren=\count159
\tikznumberofcurrentchild=\count160
\tikz@fig@count=\count161

("C:\Users\u0133260\AppData\Local\Programs\MiKTeX 2.9\tex/generic/pgf/modules\p
gfmodulematrix.code.tex"
File: pgfmodulematrix.code.tex 2019/08/03 v3.1.4b (3.1.4b)
\pgfmatrixcurrentrow=\count162
\pgfmatrixcurrentcolumn=\count163
\pgf@matrix@numberofcolumns=\count164
)
\tikz@expandcount=\count165

("C:\Users\u0133260\AppData\Local\Programs\MiKTeX 2.9\tex/generic/pgf/frontendl
ayer/tikz/libraries\tikzlibrarytopaths.code.tex"
File: tikzlibrarytopaths.code.tex 2019/08/03 v3.1.4b (3.1.4b)
)))
("C:\Users\u0133260\AppData\Local\Programs\MiKTeX 2.9\tex/generic/pgf/frontendl
ayer/tikz/libraries\tikzlibraryshapes.code.tex"
File: tikzlibraryshapes.code.tex 2019/08/03 v3.1.4b (3.1.4b)

("C:\Users\u0133260\AppData\Local\Programs\MiKTeX 2.9\tex/generic/pgf/frontendl
ayer/tikz/libraries\tikzlibraryshapes.geometric.code.tex"
File: tikzlibraryshapes.geometric.code.tex 2019/08/03 v3.1.4b (3.1.4b)

("C:\Users\u0133260\AppData\Local\Programs\MiKTeX 2.9\tex/generic/pgf/libraries
/shapes\pgflibraryshapes.geometric.code.tex"
File: pgflibraryshapes.geometric.code.tex 2019/08/03 v3.1.4b (3.1.4b)
))
("C:\Users\u0133260\AppData\Local\Programs\MiKTeX 2.9\tex/generic/pgf/frontendl
ayer/tikz/libraries\tikzlibraryshapes.misc.code.tex"
File: tikzlibraryshapes.misc.code.tex 2019/08/03 v3.1.4b (3.1.4b)

("C:\Users\u0133260\AppData\Local\Programs\MiKTeX 2.9\tex/generic/pgf/libraries
/shapes\pgflibraryshapes.misc.code.tex"
File: pgflibraryshapes.misc.code.tex 2019/08/03 v3.1.4b (3.1.4b)
))
("C:\Users\u0133260\AppData\Local\Programs\MiKTeX 2.9\tex/generic/pgf/frontendl
ayer/tikz/libraries\tikzlibraryshapes.symbols.code.tex"
File: tikzlibraryshapes.symbols.code.tex 2019/08/03 v3.1.4b (3.1.4b)

("C:\Users\u0133260\AppData\Local\Programs\MiKTeX 2.9\tex/generic/pgf/libraries
/shapes\pgflibraryshapes.symbols.code.tex"
File: pgflibraryshapes.symbols.code.tex 2019/08/03 v3.1.4b (3.1.4b)
))
("C:\Users\u0133260\AppData\Local\Programs\MiKTeX 2.9\tex/generic/pgf/frontendl
ayer/tikz/libraries\tikzlibraryshapes.arrows.code.tex"
File: tikzlibraryshapes.arrows.code.tex 2019/08/03 v3.1.4b (3.1.4b)

("C:\Users\u0133260\AppData\Local\Programs\MiKTeX 2.9\tex/generic/pgf/libraries
/shapes\pgflibraryshapes.arrows.code.tex"
File: pgflibraryshapes.arrows.code.tex 2019/08/03 v3.1.4b (3.1.4b)
))
("C:\Users\u0133260\AppData\Local\Programs\MiKTeX 2.9\tex/generic/pgf/frontendl
ayer/tikz/libraries\tikzlibraryshapes.callouts.code.tex"
("C:\Users\u0133260\AppData\Local\Programs\MiKTeX 2.9\tex/generic/pgf/libraries
/shapes\pgflibraryshapes.callouts.code.tex"))
("C:\Users\u0133260\AppData\Local\Programs\MiKTeX 2.9\tex/generic/pgf/frontendl
ayer/tikz/libraries\tikzlibraryshapes.multipart.code.tex"
File: tikzlibraryshapes.multipart.code.tex 2019/08/03 v3.1.4b (3.1.4b)

("C:\Users\u0133260\AppData\Local\Programs\MiKTeX 2.9\tex/generic/pgf/libraries
/shapes\pgflibraryshapes.multipart.code.tex"
File: pgflibraryshapes.multipart.code.tex 2019/08/03 v3.1.4b (3.1.4b)
\pgfnodepartlowerbox=\box60
\pgfnodeparttwobox=\box61
\pgfnodepartthreebox=\box62
\pgfnodepartfourbox=\box63
\pgfnodeparttwentybox=\box64
\pgfnodepartnineteenbox=\box65
\pgfnodeparteighteenbox=\box66
\pgfnodepartseventeenbox=\box67
\pgfnodepartsixteenbox=\box68
\pgfnodepartfifteenbox=\box69
\pgfnodepartfourteenbox=\box70
\pgfnodepartthirteenbox=\box71
\pgfnodeparttwelvebox=\box72
\pgfnodepartelevenbox=\box73
\pgfnodeparttenbox=\box74
\pgfnodepartninebox=\box75
\pgfnodeparteightbox=\box76
\pgfnodepartsevenbox=\box77
\pgfnodepartsixbox=\box78
\pgfnodepartfivebox=\box79
)))
("C:\Users\u0133260\AppData\Local\Programs\MiKTeX 2.9\tex/generic/pgf/frontendl
ayer/tikz/libraries\tikzlibraryshadows.code.tex"
File: tikzlibraryshadows.code.tex 2019/08/03 v3.1.4b (3.1.4b)

("C:\Users\u0133260\AppData\Local\Programs\MiKTeX 2.9\tex/generic/pgf/frontendl
ayer/tikz/libraries\tikzlibraryfadings.code.tex"
File: tikzlibraryfadings.code.tex 2019/08/03 v3.1.4b (3.1.4b)

("C:\Users\u0133260\AppData\Local\Programs\MiKTeX 2.9\tex/generic/pgf/libraries
\pgflibraryfadings.code.tex"
File: pgflibraryfadings.code.tex 2019/08/03 v3.1.4b (3.1.4b)
)))
("C:\Users\u0133260\AppData\Local\Programs\MiKTeX 2.9\tex/generic/pgf/frontendl
ayer/tikz/libraries\tikzlibraryarrows.code.tex"
File: tikzlibraryarrows.code.tex 2019/08/03 v3.1.4b (3.1.4b)

("C:\Users\u0133260\AppData\Local\Programs\MiKTeX 2.9\tex/generic/pgf/libraries
\pgflibraryarrows.code.tex"
File: pgflibraryarrows.code.tex 2019/08/03 v3.1.4b (3.1.4b)
\arrowsize=\dimen258
))
("C:\Users\u0133260\AppData\Local\Programs\MiKTeX 2.9\tex/generic/pgf/frontendl
ayer/tikz/libraries\tikzlibrarybackgrounds.code.tex"
File: tikzlibrarybackgrounds.code.tex 2019/08/03 v3.1.4b (3.1.4b)
\pgf@layerbox@background=\box80
\pgf@layerboxsaved@background=\box81
)
("C:\Users\u0133260\AppData\Local\Programs\MiKTeX 2.9\tex/generic/pgf/frontendl
ayer/tikz/libraries\tikzlibrarymindmap.code.tex"
File: tikzlibrarymindmap.code.tex 2019/08/03 v3.1.4b (3.1.4b)

("C:\Users\u0133260\AppData\Local\Programs\MiKTeX 2.9\tex/generic/pgf/frontendl
ayer/tikz/libraries\tikzlibrarytrees.code.tex"
File: tikzlibrarytrees.code.tex 2019/08/03 v3.1.4b (3.1.4b)
)
("C:\Users\u0133260\AppData\Local\Programs\MiKTeX 2.9\tex/generic/pgf/frontendl
ayer/tikz/libraries\tikzlibrarydecorations.code.tex"
("C:\Users\u0133260\AppData\Local\Programs\MiKTeX 2.9\tex/generic/pgf/modules\p
gfmoduledecorations.code.tex"
\pgfdecoratedcompleteddistance=\dimen259
\pgfdecoratedremainingdistance=\dimen260
\pgfdecoratedinputsegmentcompleteddistance=\dimen261
\pgfdecoratedinputsegmentremainingdistance=\dimen262
\pgf@decorate@distancetomove=\dimen263
\pgf@decorate@repeatstate=\count166
\pgfdecorationsegmentamplitude=\dimen264
\pgfdecorationsegmentlength=\dimen265
)
\tikz@lib@dec@box=\box82
))
("C:\Users\u0133260\AppData\Local\Programs\MiKTeX 2.9\tex/generic/pgf/frontendl
ayer/tikz/libraries\tikzlibrarydecorations.pathreplacing.code.tex"
("C:\Users\u0133260\AppData\Local\Programs\MiKTeX 2.9\tex/generic/pgf/libraries
/decorations\pgflibrarydecorations.pathreplacing.code.tex"))
("C:\Users\u0133260\AppData\Local\Programs\MiKTeX 2.9\tex/generic/pgf/frontendl
ayer/tikz/libraries\tikzlibrarypositioning.code.tex"
File: tikzlibrarypositioning.code.tex 2019/08/03 v3.1.4b (3.1.4b)
)
Package hyperref Info: Option `colorlinks' set `true' on input line 36.
)
("C:\Users\u0133260\AppData\Local\Programs\MiKTeX 2.9\tex/latex/beamer\beamerfo
ntthemeserif.sty")
("C:\Users\u0133260\AppData\Local\Programs\MiKTeX 2.9\tex/generic/babel\babel.s
ty"
Package: babel 2019/10/15 3.35 The Babel package

("C:\Users\u0133260\AppData\Local\Programs\MiKTeX 2.9\tex/generic/babel\switch.
def"
File: switch.def 2019/10/15 3.35 Babel switching mechanism
)
*************************************
* Local config file bblopts.cfg used
*

("C:\Users\u0133260\AppData\Local\Programs\MiKTeX 2.9\tex/latex/arabi\bblopts.c
fg"
File: bblopts.cfg 2005/09/08 v0.1 add Arabic and Farsi to "declared" options of
 babel
)
("C:\Users\u0133260\AppData\Local\Programs\MiKTeX 2.9\tex/latex/babel-english\e
nglish.ldf"
Language: english 2017/06/06 v3.3r English support from the babel system

("C:\Users\u0133260\AppData\Local\Programs\MiKTeX 2.9\tex/generic/babel\babel.d
ef"
File: babel.def 2019/10/15 3.35 Babel common definitions
\babel@savecnt=\count167
\U@D=\dimen266

("C:\Users\u0133260\AppData\Local\Programs\MiKTeX 2.9\tex/generic/babel\txtbabe
l.def")
LaTeX Info: Redefining \textlatin on input line 2185.
\bbl@dirlevel=\count168
)
\l@canadian = a dialect from \language\l@american 
\l@australian = a dialect from \language\l@british 
\l@newzealand = a dialect from \language\l@british 
))
("C:\Users\u0133260\AppData\Local\Programs\MiKTeX 2.9\tex/latex/fancyvrb\fancyv
rb.sty"
Package: fancyvrb 2019/10/22
 Style option: `fancyvrb' v3.3 <2019/10/22> (tvz)
\FV@CodeLineNo=\count169
\FV@InFile=\read2
\FV@TabBox=\box83
\c@FancyVerbLine=\count170
\FV@StepNumber=\count171
\FV@OutFile=\write5
)
("C:\Users\u0133260\AppData\Local\Programs\MiKTeX 2.9\tex/latex/multirow\multir
ow.sty"
Package: multirow 2019/05/31 v2.5 Span multiple rows of a table
\multirow@colwidth=\skip57
\multirow@cntb=\count172
\multirow@dima=\skip58
\bigstrutjot=\dimen267
)
("C:\Users\u0133260\AppData\Local\Programs\MiKTeX 2.9\tex/latex/multirow\bigstr
ut.sty"
Package: bigstrut 2019/05/31 v2.5 Provide larger struts in tabulars
)
("C:\Users\u0133260\AppData\Local\Programs\MiKTeX 2.9\tex/latex/fontawesome\fon
tawesome.sty"
Package: fontawesome 2016/05/15 v4.6.3.1 font awesome icons

("C:\Users\u0133260\AppData\Local\Programs\MiKTeX 2.9\tex/latex/fontawesome\fon
tawesomesymbols-generic.tex")
("C:\Users\u0133260\AppData\Local\Programs\MiKTeX 2.9\tex/latex/fontawesome\fon
tawesomesymbols-pdftex.tex")) (stata.sty
Package: stata 2013/10/23 v1.34 LaTeX package for Stata code

("C:\Users\u0133260\AppData\Local\Programs\MiKTeX 2.9\tex/latex/base\alltt.sty"
Package: alltt 1997/06/16 v2.0g defines alltt environment
) ("C:\Users\u0133260\AppData\Local\Programs\MiKTeX 2.9\tex/latex/tools\calc.st
y"
Package: calc 2017/05/25 v4.3 Infix arithmetic (KKT,FJ)
\calc@Acount=\count173
\calc@Bcount=\count174
\calc@Adimen=\dimen268
\calc@Bdimen=\dimen269
\calc@Askip=\skip59
\calc@Bskip=\skip60
LaTeX Info: Redefining \setlength on input line 80.
LaTeX Info: Redefining \addtolength on input line 81.
\calc@Ccount=\count175
\calc@Cskip=\skip61
)
("C:\Users\u0133260\AppData\Local\Programs\MiKTeX 2.9\tex/latex/base\ifthen.sty
"
Package: ifthen 2014/09/29 v1.1c Standard LaTeX ifthen package (DPC)
)
\st@box=\box84
\st@box@wd=\dimen270
\st@box@ht=\dimen271
\st@box@dp=\dimen272
\stsyndent=\skip62
\streswidth=\skip63
\st@parindent=\skip64
\stexamplehskip=\skip65
\sttechhskip=\skip66
\st@ttbox@box=\box85
\st@ttbox@framesep=\dimen273
\ttboxIndent=\dimen274
\ttboxWd=\dimen275
\st@ttbox@boxwd=\dimen276
\st@box=\box86
\st@emptywidth=\skip67
\st@linesize=\skip68
\st@maxdepth=\skip69
\st@maxheight=\skip70
\st@mbdepth=\skip71
\st@mtdepth=\skip72
\st@xheight=\skip73
\st@xwidth=\skip74
\st@N=\count176
)
Package hyperref Info: Option `colorlinks' set `true' on input line 41.

("C:\Users\u0133260\AppData\Local\Programs\MiKTeX 2.9\tex/latex/natbib\natbib.s
ty"
Package: natbib 2010/09/13 8.31b (PWD, AO)
\bibhang=\skip75
\bibsep=\skip76
LaTeX Info: Redefining \cite on input line 694.
\c@NAT@ctr=\count177
)
("C:\Users\u0133260\AppData\Local\Programs\MiKTeX 2.9\tex/latex/tikzmark\tikzli
brarytikzmark.code.tex"
("C:\Users\u0133260\AppData\Local\Programs\MiKTeX 2.9\tex/latex/l3kernel\expl3.
sty"
Package: expl3 2019-10-24 L3 programming layer (loader) 

("C:\Users\u0133260\AppData\Local\Programs\MiKTeX 2.9\tex/latex/l3kernel\expl3-
code.tex"
Package: expl3 2019-10-24 L3 programming layer (code)
\c_max_int=\count178
\l_tmpa_int=\count179
\l_tmpb_int=\count180
\g_tmpa_int=\count181
\g_tmpb_int=\count182
\l__seq_internal_a_int=\count183
\l__seq_internal_b_int=\count184
\g__kernel_prg_map_int=\count185
\c__ior_term_noprompt_ior=\count186
\c_log_iow=\count187
\l_iow_line_count_int=\count188
\l__iow_line_target_int=\count189
\l__iow_one_indent_int=\count190
\l__iow_indent_int=\count191
\c_zero_dim=\dimen277
\c_max_dim=\dimen278
\l_tmpa_dim=\dimen279
\l_tmpb_dim=\dimen280
\g_tmpa_dim=\dimen281
\g_tmpb_dim=\dimen282
\c_zero_skip=\skip77
\c_max_skip=\skip78
\l_tmpa_skip=\skip79
\l_tmpb_skip=\skip80
\g_tmpa_skip=\skip81
\g_tmpb_skip=\skip82
\c_zero_muskip=\muskip12
\c_max_muskip=\muskip13
\l_tmpa_muskip=\muskip14
\l_tmpb_muskip=\muskip15
\g_tmpa_muskip=\muskip16
\g_tmpb_muskip=\muskip17
\l_keys_choice_int=\count192
\l__intarray_loop_int=\count193
\c__intarray_sp_dim=\dimen283
\g__intarray_font_int=\count194
\c__fp_leading_shift_int=\count195
\c__fp_middle_shift_int=\count196
\c__fp_trailing_shift_int=\count197
\c__fp_big_leading_shift_int=\count198
\c__fp_big_middle_shift_int=\count199
\c__fp_big_trailing_shift_int=\count266
\c__fp_Bigg_leading_shift_int=\count267
\c__fp_Bigg_middle_shift_int=\count268
\c__fp_Bigg_trailing_shift_int=\count269
\c__kernel_randint_max_int=\count270
\g__fp_array_int=\count271
\l__fp_array_loop_int=\count272
\l__sort_length_int=\count273
\l__sort_min_int=\count274
\l__sort_top_int=\count275
\l__sort_max_int=\count276
\l__sort_true_max_int=\count277
\l__sort_block_int=\count278
\l__sort_begin_int=\count279
\l__sort_end_int=\count280
\l__sort_A_int=\count281
\l__sort_B_int=\count282
\l__sort_C_int=\count283
\l__str_internal_int=\count284
\c__str_replacement_char_int=\count285
\l__tl_analysis_normal_int=\count286
\l__tl_analysis_index_int=\count287
\l__tl_analysis_nesting_int=\count288
\l__tl_analysis_type_int=\count289
\l__regex_internal_a_int=\count290
\l__regex_internal_b_int=\count291
\l__regex_internal_c_int=\count292
\l__regex_balance_int=\count293
\l__regex_group_level_int=\count294
\l__regex_mode_int=\count295
\c__regex_cs_in_class_mode_int=\count296
\c__regex_cs_mode_int=\count297
\l__regex_catcodes_int=\count298
\l__regex_default_catcodes_int=\count299
\c__regex_catcode_D_int=\count300
\c__regex_catcode_S_int=\count301
\c__regex_catcode_L_int=\count302
\c__regex_catcode_O_int=\count303
\c__regex_catcode_A_int=\count304
\c__regex_all_catcodes_int=\count305
\l__regex_show_lines_int=\count306
\l__regex_min_state_int=\count307
\l__regex_max_state_int=\count308
\l__regex_left_state_int=\count309
\l__regex_right_state_int=\count310
\l__regex_capturing_group_int=\count311
\l__regex_min_pos_int=\count312
\l__regex_max_pos_int=\count313
\l__regex_curr_pos_int=\count314
\l__regex_start_pos_int=\count315
\l__regex_success_pos_int=\count316
\l__regex_curr_char_int=\count317
\l__regex_curr_catcode_int=\count318
\l__regex_last_char_int=\count319
\l__regex_case_changed_char_int=\count320
\l__regex_curr_state_int=\count321
\l__regex_step_int=\count322
\l__regex_min_active_int=\count323
\l__regex_max_active_int=\count324
\l__regex_replacement_csnames_int=\count325
\l__regex_match_count_int=\count326
\l__regex_min_submatch_int=\count327
\l__regex_submatch_int=\count328
\l__regex_zeroth_submatch_int=\count329
\g__regex_trace_regex_int=\count330
\c_empty_box=\box87
\l_tmpa_box=\box88
\l_tmpb_box=\box89
\g_tmpa_box=\box90
\g_tmpb_box=\box91
\l__box_top_dim=\dimen284
\l__box_bottom_dim=\dimen285
\l__box_left_dim=\dimen286
\l__box_right_dim=\dimen287
\l__box_top_new_dim=\dimen288
\l__box_bottom_new_dim=\dimen289
\l__box_left_new_dim=\dimen290
\l__box_right_new_dim=\dimen291
\l__box_internal_box=\box92
\l__coffin_internal_box=\box93
\l__coffin_internal_dim=\dimen292
\l__coffin_offset_x_dim=\dimen293
\l__coffin_offset_y_dim=\dimen294
\l__coffin_x_dim=\dimen295
\l__coffin_y_dim=\dimen296
\l__coffin_x_prime_dim=\dimen297
\l__coffin_y_prime_dim=\dimen298
\c_empty_coffin=\box94
\l__coffin_aligned_coffin=\box95
\l__coffin_aligned_internal_coffin=\box96
\l_tmpa_coffin=\box97
\l_tmpb_coffin=\box98
\g_tmpa_coffin=\box99
\g_tmpb_coffin=\box100
\l__coffin_bounding_shift_dim=\dimen299
\l__coffin_left_corner_dim=\dimen300
\l__coffin_right_corner_dim=\dimen301
\l__coffin_bottom_corner_dim=\dimen302
\l__coffin_top_corner_dim=\dimen303
\l__coffin_scaled_total_height_dim=\dimen304
\l__coffin_scaled_width_dim=\dimen305
\c__coffin_empty_coffin=\box101
\l__coffin_display_coffin=\box102
\l__coffin_display_coord_coffin=\box103
\l__coffin_display_pole_coffin=\box104
\l__coffin_display_offset_dim=\dimen306
\l__coffin_display_x_dim=\dimen307
\l__coffin_display_y_dim=\dimen308
\g__char_data_ior=\read3

("C:\Users\u0133260\AppData\Local\Programs\MiKTeX 2.9\tex/latex/l3kernel\l3depr
ecation.def"
File: l3deprecation.def 2019-04-06 v L3 Deprecated functions
))
("C:\Users\u0133260\AppData\Local\Programs\MiKTeX 2.9\tex/latex/l3backend\l3bac
kend-pdfmode.def"
File: l3backend-pdfmode.def 2019-04-06 L3 backend support: PDF mode
\l__kernel_color_stack_int=\count331
\l__pdf_internal_box=\box105
))
("C:\Users\u0133260\AppData\Local\Programs\MiKTeX 2.9\tex/latex/l3packages/l3ke
ys2e\l3keys2e.sty"
Package: l3keys2e 2019-10-11 LaTeX2e option processing using LaTeX3 keys
)
("C:\Users\u0133260\AppData\Local\Programs\MiKTeX 2.9\tex/latex/l3packages/xpar
se\xparse.sty"
Package: xparse 2019-10-11 L3 Experimental document command parser
\l__xparse_current_arg_int=\count332
\g__xparse_grabber_int=\count333
\l__xparse_m_args_int=\count334
\l__xparse_v_nesting_int=\count335
)
\l__sn_x_dim=\dimen309
\l__sn_y_dim=\dimen310
\l__sn_xa_dim=\dimen311
\l__sn_ya_dim=\dimen312
)
("C:\Users\u0133260\AppData\Local\Programs\MiKTeX 2.9\tex/generic/pgf/frontendl
ayer/tikz/libraries\tikzlibrarydecorations.pathmorphing.code.tex"
("C:\Users\u0133260\AppData\Local\Programs\MiKTeX 2.9\tex/generic/pgf/libraries
/decorations\pgflibrarydecorations.pathmorphing.code.tex"))
("C:\Users\u0133260\AppData\Local\Programs\MiKTeX 2.9\tex/latex/soul\soul.sty"
Package: soul 2003/11/17 v2.4 letterspacing/underlining (mf)
\SOUL@word=\toks45
\SOUL@lasttoken=\toks46
\SOUL@cmds=\toks47
\SOUL@buffer=\toks48
\SOUL@token=\toks49
\SOUL@spaceskip=\skip83
\SOUL@ttwidth=\dimen313
\SOUL@uldp=\dimen314
\SOUL@ulht=\dimen315
)
("C:\Users\u0133260\AppData\Local\Programs\MiKTeX 2.9\tex/latex/ragged2e\ragged
2e.sty"
Package: ragged2e 2019/07/28 v2.2 ragged2e Package (MS)

("C:\Users\u0133260\AppData\Local\Programs\MiKTeX 2.9\tex/latex/ms\everysel.sty
"
Package: everysel 2011/10/28 v1.2 EverySelectfont Package (MS)
)
\CenteringLeftskip=\skip84
\RaggedLeftLeftskip=\skip85
\RaggedRightLeftskip=\skip86
\CenteringRightskip=\skip87
\RaggedLeftRightskip=\skip88
\RaggedRightRightskip=\skip89
\CenteringParfillskip=\skip90
\RaggedLeftParfillskip=\skip91
\RaggedRightParfillskip=\skip92
\JustifyingParfillskip=\skip93
\CenteringParindent=\skip94
\RaggedLeftParindent=\skip95
\RaggedRightParindent=\skip96
\JustifyingParindent=\skip97
)

Package hyperref Warning: Token not allowed in a PDF string (PDFDocEncoding):
(hyperref)                removing `math shift' on input line 112.


Package hyperref Warning: Token not allowed in a PDF string (PDFDocEncoding):
(hyperref)                removing `\bullet' on input line 112.


Package hyperref Warning: Token not allowed in a PDF string (PDFDocEncoding):
(hyperref)                removing `math shift' on input line 112.


Package hyperref Warning: Token not allowed in a PDF string (PDFDocEncoding):
(hyperref)                removing `\color' on input line 112.


Package hyperref Warning: Token not allowed in a PDF string (PDFDocEncoding):
(hyperref)                removing `\char' on input line 112.


Package hyperref Warning: Token not allowed in a PDF string (PDFDocEncoding):
(hyperref)                removing `\char' on input line 112.


Package hyperref Warning: Token not allowed in a PDF string (PDFDocEncoding):
(hyperref)                removing `\\' on input line 112.


Package hyperref Warning: Token not allowed in a PDF string (PDFDocEncoding):
(hyperref)                removing `math shift' on input line 112.


Package hyperref Warning: Token not allowed in a PDF string (PDFDocEncoding):
(hyperref)                removing `\bullet' on input line 112.


Package hyperref Warning: Token not allowed in a PDF string (PDFDocEncoding):
(hyperref)                removing `math shift' on input line 112.


Package hyperref Warning: Token not allowed in a PDF string (PDFDocEncoding):
(hyperref)                removing `\color' on input line 112.


Package hyperref Warning: Token not allowed in a PDF string (PDFDocEncoding):
(hyperref)                removing `\char' on input line 112.


Package hyperref Warning: Token not allowed in a PDF string (PDFDocEncoding):
(hyperref)                removing `\char' on input line 112.


Package hyperref Warning: Token not allowed in a PDF string (PDFDocEncoding):
(hyperref)                removing `\\' on input line 112.


Package hyperref Warning: Token not allowed in a PDF string (PDFDocEncoding):
(hyperref)                removing `math shift' on input line 112.


Package hyperref Warning: Token not allowed in a PDF string (PDFDocEncoding):
(hyperref)                removing `\bullet' on input line 112.


Package hyperref Warning: Token not allowed in a PDF string (PDFDocEncoding):
(hyperref)                removing `math shift' on input line 112.

(mixrandregret_London2022.aux

LaTeX Warning: Label `tab_choice_task_1_ex' multiply defined.


LaTeX Warning: Label `fig:mixrrmlnidl' multiply defined.

)
\openout1 = `mixrandregret_London2022.aux'.

LaTeX Font Info:    Checking defaults for OML/cmm/m/it on input line 119.
LaTeX Font Info:    ... okay on input line 119.
LaTeX Font Info:    Checking defaults for T1/cmr/m/n on input line 119.
LaTeX Font Info:    ... okay on input line 119.
LaTeX Font Info:    Checking defaults for OT1/cmr/m/n on input line 119.
LaTeX Font Info:    ... okay on input line 119.
LaTeX Font Info:    Checking defaults for OMS/cmsy/m/n on input line 119.
LaTeX Font Info:    ... okay on input line 119.
LaTeX Font Info:    Checking defaults for OMX/cmex/m/n on input line 119.
LaTeX Font Info:    ... okay on input line 119.
LaTeX Font Info:    Checking defaults for U/cmr/m/n on input line 119.
LaTeX Font Info:    ... okay on input line 119.
LaTeX Font Info:    Checking defaults for PD1/pdf/m/n on input line 119.
LaTeX Font Info:    ... okay on input line 119.
LaTeX Font Info:    Trying to load font information for OT1+lmss on input line 
119.
 ("C:\Users\u0133260\AppData\Local\Programs\MiKTeX 2.9\tex/latex/lm\ot1lmss.fd"
File: ot1lmss.fd 2009/10/30 v1.6 Font defs for Latin Modern
)
*geometry* driver: auto-detecting
*geometry* detected driver: pdftex
*geometry* verbose mode - [ preamble ] result:
* driver: pdftex
* paper: custom
* layout: <same size as paper>
* layoutoffset:(h,v)=(0.0pt,0.0pt)
* modes: includehead includefoot 
* h-part:(L,W,R)=(21.0pt, 322.19536pt, 21.0pt)
* v-part:(T,H,B)=(0.0pt, 273.14662pt, 0.0pt)
* \paperwidth=364.19536pt
* \paperheight=273.14662pt
* \textwidth=322.19536pt
* \textheight=244.6939pt
* \oddsidemargin=-51.26999pt
* \evensidemargin=-51.26999pt
* \topmargin=-72.26999pt
* \headheight=14.22636pt
* \headsep=0.0pt
* \topskip=10.0pt
* \footskip=14.22636pt
* \marginparwidth=3.0pt
* \marginparsep=11.0pt
* \columnsep=10.0pt
* \skip\footins=9.0pt plus 4.0pt minus 2.0pt
* \hoffset=0.0pt
* \voffset=0.0pt
* \mag=1000
* \@twocolumnfalse
* \@twosidefalse
* \@mparswitchfalse
* \@reversemarginfalse
* (1in=72.27pt=25.4mm, 1cm=28.453pt)


("C:\Users\u0133260\AppData\Local\Programs\MiKTeX 2.9\tex/context/base/mkii\sup
p-pdf.mkii"
[Loading MPS to PDF converter (version 2006.09.02).]
\scratchcounter=\count336
\scratchdimen=\dimen316
\scratchbox=\box106
\nofMPsegments=\count337
\nofMParguments=\count338
\everyMPshowfont=\toks50
\MPscratchCnt=\count339
\MPscratchDim=\dimen317
\MPnumerator=\count340
\makeMPintoPDFobject=\count341
\everyMPtoPDFconversion=\toks51
)
("C:\Users\u0133260\AppData\Local\Programs\MiKTeX 2.9\tex/latex/oberdiek\epstop
df-base.sty"
Package: epstopdf-base 2016/05/15 v2.6 Base part for package epstopdf

("C:\Users\u0133260\AppData\Local\Programs\MiKTeX 2.9\tex/latex/oberdiek\grfext
.sty"
Package: grfext 2016/05/16 v1.2 Manage graphics extensions (HO)
)
Package epstopdf-base Info: Redefining graphics rule for `.eps' on input line 4
38.
Package grfext Info: Graphics extension search list:
(grfext)             [.pdf,.png,.jpg,.mps,.jpeg,.jbig2,.jb2,.PDF,.PNG,.JPG,.JPE
G,.JBIG2,.JB2,.eps]
(grfext)             \AppendGraphicsExtensions on input line 456.
) ABD: EveryShipout initializing macros
\AtBeginShipoutBox=\box107
Package hyperref Info: Link coloring ON on input line 119.

("C:\Users\u0133260\AppData\Local\Programs\MiKTeX 2.9\tex/latex/hyperref\namere
f.sty"
Package: nameref 2019/09/16 v2.46 Cross-referencing by name of section

("C:\Users\u0133260\AppData\Local\Programs\MiKTeX 2.9\tex/generic/oberdiek\gett
itlestring.sty"
Package: gettitlestring 2016/05/16 v1.5 Cleanup title references (HO)
)
\c@section@level=\count342
)
LaTeX Info: Redefining \ref on input line 119.
LaTeX Info: Redefining \pageref on input line 119.
LaTeX Info: Redefining \nameref on input line 119.
 (mixrandregret_London2022.out) (mixrandregret_London2022.out)
\@outlinefile=\write6
\openout6 = `mixrandregret_London2022.out'.


("C:\Users\u0133260\AppData\Local\Programs\MiKTeX 2.9\tex/latex/translator\tran
slator-basic-dictionary-English.dict"
Dictionary: translator-basic-dictionary, Language: English 
)
("C:\Users\u0133260\AppData\Local\Programs\MiKTeX 2.9\tex/latex/translator\tran
slator-bibliography-dictionary-English.dict"
Dictionary: translator-bibliography-dictionary, Language: English 
)
("C:\Users\u0133260\AppData\Local\Programs\MiKTeX 2.9\tex/latex/translator\tran
slator-environment-dictionary-English.dict"
Dictionary: translator-environment-dictionary, Language: English 
)
("C:\Users\u0133260\AppData\Local\Programs\MiKTeX 2.9\tex/latex/translator\tran
slator-months-dictionary-English.dict"
Dictionary: translator-months-dictionary, Language: English 
)
("C:\Users\u0133260\AppData\Local\Programs\MiKTeX 2.9\tex/latex/translator\tran
slator-numbers-dictionary-English.dict"
Dictionary: translator-numbers-dictionary, Language: English 
)
("C:\Users\u0133260\AppData\Local\Programs\MiKTeX 2.9\tex/latex/translator\tran
slator-theorem-dictionary-English.dict"
Dictionary: translator-theorem-dictionary, Language: English 
)
ABD: EverySelectfont initializing macros
LaTeX Info: Redefining \selectfont on input line 119.
 (mixrandregret_London2022.nav)
<graphics/KUL.pdf, id=93, 159.33528pt x 56.90259pt>
File: graphics/KUL.pdf Graphic file (type pdf)
<use graphics/KUL.pdf>
Package pdftex.def Info: graphics/KUL.pdf  used on input line 119.
(pdftex.def)             Requested size: 38.24367pt x 13.65816pt.
File: graphics/KUL.pdf Graphic file (type pdf)
<use graphics/KUL.pdf>
Package pdftex.def Info: graphics/KUL.pdf  used on input line 120.
(pdftex.def)             Requested size: 38.24367pt x 13.65816pt.
File: graphics/KUL.pdf Graphic file (type pdf)
<use graphics/KUL.pdf>
Package pdftex.def Info: graphics/KUL.pdf  used on input line 130.
(pdftex.def)             Requested size: 80.30441pt x 28.67921pt.
<TikZFigures/scale_param_effect.pdf, id=95, 236.17735pt x 104.72626pt>
File: TikZFigures/scale_param_effect.pdf Graphic file (type pdf)
<use TikZFigures/scale_param_effect.pdf>
Package pdftex.def Info: TikZFigures/scale_param_effect.pdf  used on input line
 130.
(pdftex.def)             Requested size: 0.36676pt x 0.16139pt.
LaTeX Font Info:    Trying to load font information for OT1+lmtt on input line 
130.

("C:\Users\u0133260\AppData\Local\Programs\MiKTeX 2.9\tex/latex/lm\ot1lmtt.fd"
File: ot1lmtt.fd 2009/10/30 v1.6 Font defs for Latin Modern
)
LaTeX Font Info:    Font shape `OT1/lmtt/bx/n' in size <18> not available
(Font)              Font shape `OT1/lmtt/b/n' tried instead on input line 130.
LaTeX Font Info:    Trying to load font information for OT1+lmr on input line 1
30.
("C:\Users\u0133260\AppData\Local\Programs\MiKTeX 2.9\tex/latex/lm\ot1lmr.fd"
File: ot1lmr.fd 2009/10/30 v1.6 Font defs for Latin Modern
)
LaTeX Font Info:    Trying to load font information for OML+lmm on input line 1
30.

("C:\Users\u0133260\AppData\Local\Programs\MiKTeX 2.9\tex/latex/lm\omllmm.fd"
File: omllmm.fd 2009/10/30 v1.6 Font defs for Latin Modern
)
LaTeX Font Info:    Trying to load font information for OMS+lmsy on input line 
130.

("C:\Users\u0133260\AppData\Local\Programs\MiKTeX 2.9\tex/latex/lm\omslmsy.fd"
File: omslmsy.fd 2009/10/30 v1.6 Font defs for Latin Modern
)
LaTeX Font Info:    Trying to load font information for OMX+lmex on input line 
130.
("C:\Users\u0133260\AppData\Local\Programs\MiKTeX 2.9\tex/latex/lm\omxlmex.fd"
File: omxlmex.fd 2009/10/30 v1.6 Font defs for Latin Modern
)
LaTeX Font Info:    External font `lmex10' loaded for size
(Font)              <10> on input line 130.
LaTeX Font Info:    External font `lmex10' loaded for size
(Font)              <7> on input line 130.
LaTeX Font Info:    External font `lmex10' loaded for size
(Font)              <5> on input line 130.
LaTeX Font Info:    Trying to load font information for U+msa on input line 130
.

("C:\Users\u0133260\AppData\Local\Programs\MiKTeX 2.9\tex/latex/amsfonts\umsa.f
d"
File: umsa.fd 2013/01/14 v3.01 AMS symbols A
)
LaTeX Font Info:    Trying to load font information for U+msb on input line 130
.

("C:\Users\u0133260\AppData\Local\Programs\MiKTeX 2.9\tex/latex/amsfonts\umsb.f
d"
File: umsb.fd 2013/01/14 v3.01 AMS symbols B
)
LaTeX Font Info:    Trying to load font information for U+fontawesometwo on inp
ut line 130.

("C:\Users\u0133260\AppData\Local\Programs\MiKTeX 2.9\tex/latex/fontawesome\ufo
ntawesometwo.fd"
File: ufontawesometwo.fd 2016/05/22 Font definitions for U/fontawesometwo.
) [1

{C:/Users/u0133260/AppData/Local/MiKTeX/2.9/pdftex/config/pdftex.map} <./graphi
cs/KUL.pdf> <./TikZFigures/scale_param_effect.pdf>]
(mixrandregret_London2022.toc)
LaTeX Font Info:    External font `lmex10' loaded for size
(Font)              <9> on input line 138.
LaTeX Font Info:    External font `lmex10' loaded for size
(Font)              <6> on input line 138.
File: graphics/KUL.pdf Graphic file (type pdf)
<use graphics/KUL.pdf>
Package pdftex.def Info: graphics/KUL.pdf  used on input line 138.
(pdftex.def)             Requested size: 38.24367pt x 13.65816pt.
 [2

] (mixrandregret_London2022.toc)
LaTeX Font Info:    External font `lmex10' loaded for size
(Font)              <12> on input line 141.
LaTeX Font Info:    External font `lmex10' loaded for size
(Font)              <8> on input line 141.

Overfull \vbox (10.20842pt too high) detected at line 141
 []

File: graphics/KUL.pdf Graphic file (type pdf)
<use graphics/KUL.pdf>
Package pdftex.def Info: graphics/KUL.pdf  used on input line 141.
(pdftex.def)             Requested size: 38.24367pt x 13.65816pt.
[3

]
LaTeX Font Info:    Font shape `OT1/lmss/bx/it' in size <12> not available
(Font)              Font shape `OT1/lmss/bx/sl' tried instead on input line 169
.
File: graphics/KUL.pdf Graphic file (type pdf)
<use graphics/KUL.pdf>
Package pdftex.def Info: graphics/KUL.pdf  used on input line 169.
(pdftex.def)             Requested size: 38.24367pt x 13.65816pt.
 [4

]pdfTeX warning (ext4): destination with the same identifier (name{tab_choice_t
ask_1_ex}) has been already used, duplicate ignored
<to be read again> 
                   \relax 
l.196 \end{frame}
                 
File: graphics/KUL.pdf Graphic file (type pdf)
<use graphics/KUL.pdf>
Package pdftex.def Info: graphics/KUL.pdf  used on input line 196.
(pdftex.def)             Requested size: 38.24367pt x 13.65816pt.
 [5

]
LaTeX Font Info:    Font shape `OT1/lmss/m/it' in size <9> not available
(Font)              Font shape `OT1/lmss/m/sl' tried instead on input line 264.

LaTeX Font Info:    Font shape `OT1/lmss/bx/it' in size <9> not available
(Font)              Font shape `OT1/lmss/bx/sl' tried instead on input line 264
.
File: graphics/KUL.pdf Graphic file (type pdf)
<use graphics/KUL.pdf>
Package pdftex.def Info: graphics/KUL.pdf  used on input line 264.
(pdftex.def)             Requested size: 38.24367pt x 13.65816pt.
 [6

]
LaTeX Font Info:    Trying to load font information for OMS+lmss on input line 
437.
LaTeX Font Info:    No file OMSlmss.fd. on input line 437.


LaTeX Font Warning: Font shape `OMS/lmss/m/n' undefined
(Font)              using `OMS/cmsy/m/n' instead
(Font)              for symbol `textbackslash' on input line 437.

File: graphics/KUL.pdf Graphic file (type pdf)
<use graphics/KUL.pdf>
Package pdftex.def Info: graphics/KUL.pdf  used on input line 437.
(pdftex.def)             Requested size: 38.24367pt x 13.65816pt.
[7

]
File: graphics/KUL.pdf Graphic file (type pdf)
<use graphics/KUL.pdf>
Package pdftex.def Info: graphics/KUL.pdf  used on input line 458.
(pdftex.def)             Requested size: 38.24367pt x 13.65816pt.
 [8

]
Overfull \hbox (50.58214pt too wide) detected at line 521
[]
 []


Overfull \hbox (16.44585pt too wide) in paragraph at lines 521--521
[][] 
 []

File: graphics/KUL.pdf Graphic file (type pdf)
<use graphics/KUL.pdf>
Package pdftex.def Info: graphics/KUL.pdf  used on input line 521.
(pdftex.def)             Requested size: 38.24367pt x 13.65816pt.
[9

]
Overfull \hbox (5.82571pt too wide) in paragraph at lines 561--561
[]\OT1/lmss/bx/n/12 1    Clas-si-cal RRM ([][]Cho-rus, 2010[][]):To-wards the l
og-likelihood.[][][][] 
 []

File: graphics/KUL.pdf Graphic file (type pdf)
<use graphics/KUL.pdf>
Package pdftex.def Info: graphics/KUL.pdf  used on input line 561.
(pdftex.def)             Requested size: 38.24367pt x 13.65816pt.
[10

] (mixrandregret_London2022.toc)
Overfull \vbox (10.20842pt too high) detected at line 563
 []

File: graphics/KUL.pdf Graphic file (type pdf)
<use graphics/KUL.pdf>
Package pdftex.def Info: graphics/KUL.pdf  used on input line 563.
(pdftex.def)             Requested size: 38.24367pt x 13.65816pt.
[11

]
LaTeX Font Info:    Font shape `OT1/lmss/m/it' in size <10> not available
(Font)              Font shape `OT1/lmss/m/sl' tried instead on input line 581.

File: graphics/KUL.pdf Graphic file (type pdf)
<use graphics/KUL.pdf>
Package pdftex.def Info: graphics/KUL.pdf  used on input line 581.
(pdftex.def)             Requested size: 38.24367pt x 13.65816pt.
 [12

]
<TikZFigures/non_compensatory_effect.pdf, id=269, 240.28268pt x 104.72626pt>
File: TikZFigures/non_compensatory_effect.pdf Graphic file (type pdf)
<use TikZFigures/non_compensatory_effect.pdf>
Package pdftex.def Info: TikZFigures/non_compensatory_effect.pdf  used on input
 line 597.
(pdftex.def)             Requested size: 193.31917pt x 84.25731pt.
LaTeX Font Info:    Font shape `OT1/lmss/bx/it' in size <10> not available
(Font)              Font shape `OT1/lmss/bx/sl' tried instead on input line 597
.
File: graphics/KUL.pdf Graphic file (type pdf)
<use graphics/KUL.pdf>
Package pdftex.def Info: graphics/KUL.pdf  used on input line 597.
(pdftex.def)             Requested size: 38.24367pt x 13.65816pt.
 [13

 <./TikZFigures/non_compensatory_effect.pdf>]
(mixrandregret_London2022.toc)
File: graphics/KUL.pdf Graphic file (type pdf)
<use graphics/KUL.pdf>
Package pdftex.def Info: graphics/KUL.pdf  used on input line 605.
(pdftex.def)             Requested size: 38.24367pt x 13.65816pt.
 [14

]
File: graphics/KUL.pdf Graphic file (type pdf)
<use graphics/KUL.pdf>
Package pdftex.def Info: graphics/KUL.pdf  used on input line 637.
(pdftex.def)             Requested size: 38.24367pt x 13.65816pt.
 [15

]
File: graphics/KUL.pdf Graphic file (type pdf)
<use graphics/KUL.pdf>
Package pdftex.def Info: graphics/KUL.pdf  used on input line 660.
(pdftex.def)             Requested size: 38.24367pt x 13.65816pt.
 [16

] (mixrandregret_London2022.toc)
File: graphics/KUL.pdf Graphic file (type pdf)
<use graphics/KUL.pdf>
Package pdftex.def Info: graphics/KUL.pdf  used on input line 663.
(pdftex.def)             Requested size: 38.24367pt x 13.65816pt.

[17

]
File: graphics/KUL.pdf Graphic file (type pdf)
<use graphics/KUL.pdf>
Package pdftex.def Info: graphics/KUL.pdf  used on input line 690.
(pdftex.def)             Requested size: 38.24367pt x 13.65816pt.
 [18

] (mixrandregret_London2022.toc)
Overfull \vbox (10.20842pt too high) detected at line 696
 []

File: graphics/KUL.pdf Graphic file (type pdf)
<use graphics/KUL.pdf>
Package pdftex.def Info: graphics/KUL.pdf  used on input line 696.
(pdftex.def)             Requested size: 38.24367pt x 13.65816pt.
[19

]
File: graphics/KUL.pdf Graphic file (type pdf)
<use graphics/KUL.pdf>
Package pdftex.def Info: graphics/KUL.pdf  used on input line 745.
(pdftex.def)             Requested size: 38.24367pt x 13.65816pt.
 [20

] (stlog/manipu_long.log.tex)
File: graphics/KUL.pdf Graphic file (type pdf)
<use graphics/KUL.pdf>
Package pdftex.def Info: graphics/KUL.pdf  used on input line 771.
(pdftex.def)             Requested size: 38.24367pt x 13.65816pt.
 [21

] (stlog/RRM_classic_cluster.log.tex
Overfull \hbox (29.30467pt too wide) in paragraph at lines 3--3
 []||||||||||||||||||||||||||||||||||||||||||||||||||||||||||||||||||||||||||||
||[] 
 []


Overfull \hbox (29.30467pt too wide) in paragraph at lines 5--5
 []||||||||||||||||||||||||||||||||||||||||||||||||||||||||||||||||||||||||||||
||[] 
 []


Overfull \hbox (29.30267pt too wide) in paragraph at lines 9--9
 []\OT1/lmtt/m/n/8 Case ID variable: obs                          Number of cas
es    =       1060[] 
 []


Overfull \hbox (29.30467pt too wide) in paragraph at lines 10--10
 []\OT1/lmtt/m/n/8 Alternative variable: altern                   Number of obs
      =       3180[] 
 []


Overfull \hbox (29.30467pt too wide) in paragraph at lines 11--11
 []                                               \OT1/lmtt/m/n/8 Wald chi2(2) 
      =      40.41[] 
 []


Overfull \hbox (29.30467pt too wide) in paragraph at lines 12--12
 []\OT1/lmtt/m/n/8 Log likelihood = -1118.4784                    Prob > chi2  
      =     0.0000[] 
 []


Overfull \hbox (29.30267pt too wide) in paragraph at lines 13--13
 []                                 \OT1/lmtt/m/n/8 (Std. Err. adjusted for   1
06 clusters in id)[] 
 []


Overfull \hbox (29.30467pt too wide) in paragraph at lines 14--14
 []||||||||||||| [] |||||||||||||||||||||||||||||||||||||||||||||||||||||||||||
||||||[] 
 []


Overfull \hbox (29.30267pt too wide) in paragraph at lines 16--16
 []      \OT1/lmtt/m/n/8 choice  |      Coef.   Std. Err.      z    P>|z|     [
95% Conf. Interval][] 
 []


Overfull \hbox (29.30467pt too wide) in paragraph at lines 17--17
 []||||||||||||| [] |||||||||||||||||||||||||||||||||||||||||||||||||||||||||||
||||||[] 
 []


Overfull \hbox (29.29668pt too wide) in paragraph at lines 19--19
 []          \OT1/lmtt/m/n/8 tc  |   -.417101    .068059    -6.13   0.000    -.
5504943   -.2837078[] 
 []


Overfull \hbox (29.29668pt too wide) in paragraph at lines 20--20
 []          \OT1/lmtt/m/n/8 tt  |   -.102813   .0182526    -5.63   0.000    -.
1385874   -.0670386[] 
 []


Overfull \hbox (29.30467pt too wide) in paragraph at lines 21--21
 []||||||||||||| [] |||||||||||||||||||||||||||||||||||||||||||||||||||||||||||
||||||[] 
 []

)
File: graphics/KUL.pdf Graphic file (type pdf)
<use graphics/KUL.pdf>
Package pdftex.def Info: graphics/KUL.pdf  used on input line 787.
(pdftex.def)             Requested size: 38.24367pt x 13.65816pt.
 [22

] (stlog/mixRRM_normal.log.tex
Overfull \hbox (29.30267pt too wide) in paragraph at lines 4--4
 []\OT1/lmtt/m/n/8 Case ID variable: obs                          Number of cas
es    =       1060[] 
 []


Overfull \hbox (25.05267pt too wide) in paragraph at lines 8--8
 []                                 \OT1/lmtt/m/n/8 (Std. Err. adjusted for  10
6 clusters in id)[] 
 []


Overfull \hbox (29.30467pt too wide) in paragraph at lines 10--10
 []\OT1/lmtt/m/n/8 Mixed random regret model                       Number of ob
s     =      3,180[] 
 []


Overfull \hbox (29.30067pt too wide) in paragraph at lines 11--11
 []                                                \OT1/lmtt/m/n/8 Wald chi2(2)
      =     606.11[] 
 []


Overfull \hbox (29.30467pt too wide) in paragraph at lines 12--12
 []\OT1/lmtt/m/n/8 Log likelihood = -771.05731                     Prob > chi2 
      =     0.0000[] 
 []


Overfull \hbox (29.30467pt too wide) in paragraph at lines 14--14
 []||||||||||||| [] |||||||||||||||||||||||||||||||||||||||||||||||||||||||||||
||||||[] 
 []


Overfull \hbox (29.30267pt too wide) in paragraph at lines 16--16
 []      \OT1/lmtt/m/n/8 choice  |      Coef.   Std. Err.      z    P>|z|     [
95% Conf. Interval][] 
 []


Overfull \hbox (29.30467pt too wide) in paragraph at lines 17--17
 []||||||||||||| [] |||||||||||||||||||||||||||||||||||||||||||||||||||||||||||
||||||[] 
 []


Overfull \hbox (29.29868pt too wide) in paragraph at lines 19--19
 []          \OT1/lmtt/m/n/8 tc  |  -1.102133   .0449728   -24.51   0.000    -1
.190278   -1.013988[] 
 []


Overfull \hbox (29.29068pt too wide) in paragraph at lines 20--20
 []          \OT1/lmtt/m/n/8 tt  |  -.3579483   .0581553    -6.16   0.000    -.
4719307    -.243966[] 
 []


Overfull \hbox (29.30467pt too wide) in paragraph at lines 21--21
 []||||||||||||| [] |||||||||||||||||||||||||||||||||||||||||||||||||||||||||||
||||||[] 
 []


Overfull \hbox (29.29268pt too wide) in paragraph at lines 23--23
 []          \OT1/lmtt/m/n/8 tt  |   .5068777   .0413721    12.25   0.000     .
4257899    .5879656[] 
 []


Overfull \hbox (29.30467pt too wide) in paragraph at lines 24--24
 []||||||||||||| [] |||||||||||||||||||||||||||||||||||||||||||||||||||||||||||
||||||[] 
 []


Overfull \hbox (29.30467pt too wide) in paragraph at lines 26--26
 []\OT1/lmtt/m/n/8 The sign of the estimated standard deviations is irrelevant:
 interpret them as[] 
 []

)
File: graphics/KUL.pdf Graphic file (type pdf)
<use graphics/KUL.pdf>
Package pdftex.def Info: graphics/KUL.pdf  used on input line 802.
(pdftex.def)             Requested size: 38.24367pt x 13.65816pt.
 [23

] (stlog/mixRRM_normal_idl.log.tex
Overfull \hbox (46.30467pt too wide) in paragraph at lines 4--4
 []\OT1/lmtt/m/n/8 . qui mixrbeta tt , nrep(500)  replace saving("${graphs_rout
e}\mixRRM_normal_idl")[] 
 []

)
File: graphics/KUL.pdf Graphic file (type pdf)
<use graphics/KUL.pdf>
Package pdftex.def Info: graphics/KUL.pdf  used on input line 818.
(pdftex.def)             Requested size: 38.24367pt x 13.65816pt.
 [24

]

pdfTeX warning: pdflatex.exe (file ./figures/mixRRM_normal_idl.pdf): PDF inclus
ion: found PDF version <1.6>, but at most version <1.5> allowed
<figures/mixRRM_normal_idl.pdf, id=390, 433.62pt x 289.08pt>
File: figures/mixRRM_normal_idl.pdf Graphic file (type pdf)
<use figures/mixRRM_normal_idl.pdf>
Package pdftex.def Info: figures/mixRRM_normal_idl.pdf  used on input line 834.

(pdftex.def)             Requested size: 211.5358pt x 141.02406pt.
File: graphics/KUL.pdf Graphic file (type pdf)
<use graphics/KUL.pdf>
Package pdftex.def Info: graphics/KUL.pdf  used on input line 834.
(pdftex.def)             Requested size: 38.24367pt x 13.65816pt.
[25

 <./figures/mixRRM_normal_idl.pdf>] (stlog/mixRRM_ln.log.tex
Overfull \hbox (20.80467pt too wide) in paragraph at lines 3--3
 []\OT1/lmtt/m/n/8 . mixrandregret choice  tc , gr(obs) alt(altern) rand(ntt ) 
ln(1) id(id) ///[] 
 []


Overfull \hbox (29.30267pt too wide) in paragraph at lines 6--6
 []\OT1/lmtt/m/n/8 Case ID variable: obs                          Number of cas
es    =       1060[] 
 []


Overfull \hbox (25.05267pt too wide) in paragraph at lines 10--10
 []                                 \OT1/lmtt/m/n/8 (Std. Err. adjusted for  10
6 clusters in id)[] 
 []


Overfull \hbox (29.30467pt too wide) in paragraph at lines 12--12
 []\OT1/lmtt/m/n/8 Mixed random regret model                       Number of ob
s     =      3,180[] 
 []


Overfull \hbox (29.30267pt too wide) in paragraph at lines 13--13
 []                                                \OT1/lmtt/m/n/8 Wald chi2(2)
      =    1224.65[] 
 []


Overfull \hbox (29.30267pt too wide) in paragraph at lines 14--14
 []\OT1/lmtt/m/n/8 Log likelihood = -785.40416                     Prob > chi2 
      =     0.0000[] 
 []


Overfull \hbox (29.30467pt too wide) in paragraph at lines 16--16
 []||||||||||||| [] |||||||||||||||||||||||||||||||||||||||||||||||||||||||||||
||||||[] 
 []


Overfull \hbox (29.30267pt too wide) in paragraph at lines 18--18
 []      \OT1/lmtt/m/n/8 choice  |      Coef.   Std. Err.      z    P>|z|     [
95% Conf. Interval][] 
 []


Overfull \hbox (29.30467pt too wide) in paragraph at lines 19--19
 []||||||||||||| [] |||||||||||||||||||||||||||||||||||||||||||||||||||||||||||
||||||[] 
 []


Overfull \hbox (29.29668pt too wide) in paragraph at lines 21--21
 []          \OT1/lmtt/m/n/8 tc  |  -1.217628   .0443379   -27.46   0.000    -1
.304529   -1.130727[] 
 []


Overfull \hbox (29.28268pt too wide) in paragraph at lines 22--22
 []         \OT1/lmtt/m/n/8 ntt  |  -1.292678   .1549439    -8.34   0.000    -1
.596362   -.9889936[] 
 []


Overfull \hbox (29.30467pt too wide) in paragraph at lines 23--23
 []||||||||||||| [] |||||||||||||||||||||||||||||||||||||||||||||||||||||||||||
||||||[] 
 []


Overfull \hbox (29.29068pt too wide) in paragraph at lines 25--25
 []         \OT1/lmtt/m/n/8 ntt  |   1.362446   .1179392    11.55   0.000      
1.13129    1.593603[] 
 []


Overfull \hbox (29.30467pt too wide) in paragraph at lines 26--26
 []||||||||||||| [] |||||||||||||||||||||||||||||||||||||||||||||||||||||||||||
||||||[] 
 []


Overfull \hbox (29.30467pt too wide) in paragraph at lines 28--28
 []\OT1/lmtt/m/n/8 The sign of the estimated standard deviations is irrelevant:
 interpret them as[] 
 []

)
File: graphics/KUL.pdf Graphic file (type pdf)
<use graphics/KUL.pdf>
Package pdftex.def Info: graphics/KUL.pdf  used on input line 854.
(pdftex.def)             Requested size: 38.24367pt x 13.65816pt.
 [26

] (stlog/mixRRM_ln_idl.log.tex
Overfull \hbox (33.55467pt too wide) in paragraph at lines 2--2
 []\OT1/lmtt/m/n/8 . qui mixrbeta ntt , nrep(100)  replace saving("${graphs_rou
te}\mixRRM_ln_idl")[] 
 []

)
File: graphics/KUL.pdf Graphic file (type pdf)
<use graphics/KUL.pdf>
Package pdftex.def Info: graphics/KUL.pdf  used on input line 867.
(pdftex.def)             Requested size: 38.24367pt x 13.65816pt.
 [27

]

pdfTeX warning: pdflatex.exe (file ./figures/mixRRM_ln_idl.pdf): PDF inclusion:
 found PDF version <1.6>, but at most version <1.5> allowed
<figures/mixRRM_ln_idl.pdf, id=421, 433.62pt x 289.08pt>
File: figures/mixRRM_ln_idl.pdf Graphic file (type pdf)
<use figures/mixRRM_ln_idl.pdf>
Package pdftex.def Info: figures/mixRRM_ln_idl.pdf  used on input line 883.
(pdftex.def)             Requested size: 211.5358pt x 141.02406pt.
pdfTeX warning (ext4): destination with the same identifier (name{fig:mixrrmlni
dl}) has been already used, duplicate ignored
<to be read again> 
                   \relax 
l.883 \end{frame}
                 
File: graphics/KUL.pdf Graphic file (type pdf)
<use graphics/KUL.pdf>
Package pdftex.def Info: graphics/KUL.pdf  used on input line 883.
(pdftex.def)             Requested size: 38.24367pt x 13.65816pt.
 [28

 <./figures/mixRRM_ln_idl.pdf>]
(stlog/mixRRM_delta.log.tex
Overfull \hbox (42.05467pt too wide) in paragraph at lines 3--3
 []\OT1/lmtt/m/n/8 > (sd_time: exp([Mean]_b[ntt ]+0.5*[SD]_b[ntt ]^2) * sqrt(ex
p([SD]_b[ntt ]^2)-1))[] 
 []


Overfull \hbox (50.55467pt too wide) in paragraph at lines 7--7
 []     \OT1/lmtt/m/n/8 sd_time:  exp([Mean]_b[ntt ]+0.5*[SD]_b[ntt ]^2) * sqrt
(exp([SD]_b[ntt ]^2)-1)[] 
 []


Overfull \hbox (29.30467pt too wide) in paragraph at lines 9--9
 []||||||||||||| [] |||||||||||||||||||||||||||||||||||||||||||||||||||||||||||
||||||[] 
 []


Overfull \hbox (29.30267pt too wide) in paragraph at lines 10--10
 []      \OT1/lmtt/m/n/8 choice  |      Coef.   Std. Err.      z    P>|z|     [
95% Conf. Interval][] 
 []


Overfull \hbox (29.30467pt too wide) in paragraph at lines 11--11
 []||||||||||||| [] |||||||||||||||||||||||||||||||||||||||||||||||||||||||||||
||||||[] 
 []


Overfull \hbox (29.29268pt too wide) in paragraph at lines 12--12
 []   \OT1/lmtt/m/n/8 mean_time  |  -.6945106   .1603422    -4.33   0.000    -1
.008776   -.3802456[] 
 []


Overfull \hbox (29.29268pt too wide) in paragraph at lines 13--13
 []    \OT1/lmtt/m/n/8 med_time  |  -.2745346   .0425375    -6.45   0.000    -.
3579065   -.1911627[] 
 []


Overfull \hbox (29.29468pt too wide) in paragraph at lines 14--14
 []     \OT1/lmtt/m/n/8 sd_time  |   1.613861   .6351531     2.54   0.011     .
3689834    2.858738[] 
 []


Overfull \hbox (29.30467pt too wide) in paragraph at lines 15--15
 []||||||||||||| [] |||||||||||||||||||||||||||||||||||||||||||||||||||||||||||
||||||[] 
 []

)
File: graphics/KUL.pdf Graphic file (type pdf)
<use graphics/KUL.pdf>
Package pdftex.def Info: graphics/KUL.pdf  used on input line 901.
(pdftex.def)             Requested size: 38.24367pt x 13.65816pt.
 [29

] (mixrandregret_London2022.toc)
File: graphics/KUL.pdf Graphic file (type pdf)
<use graphics/KUL.pdf>
Package pdftex.def Info: graphics/KUL.pdf  used on input line 906.
(pdftex.def)             Requested size: 38.24367pt x 13.65816pt.
 [30

]
File: graphics/KUL.pdf Graphic file (type pdf)
<use graphics/KUL.pdf>
Package pdftex.def Info: graphics/KUL.pdf  used on input line 920.
(pdftex.def)             Requested size: 38.24367pt x 13.65816pt.
 [31

] (mixrandregret_London2022.toc)
File: graphics/KUL.pdf Graphic file (type pdf)
<use graphics/KUL.pdf>
Package pdftex.def Info: graphics/KUL.pdf  used on input line 928.
(pdftex.def)             Requested size: 38.24367pt x 13.65816pt.

[32

] (mixrandregret_London2022.bbl
LaTeX Font Info:    Font shape `OT1/lmss/m/it' in size <7> not available
(Font)              Font shape `OT1/lmss/m/sl' tried instead on input line 6.
)
File: graphics/KUL.pdf Graphic file (type pdf)
<use graphics/KUL.pdf>
Package pdftex.def Info: graphics/KUL.pdf  used on input line 932.
(pdftex.def)             Requested size: 38.24367pt x 13.65816pt.
 [33

]
\tf@nav=\write7
\openout7 = `mixrandregret_London2022.nav'.

\tf@toc=\write8
\openout8 = `mixrandregret_London2022.toc'.

\tf@snm=\write9
\openout9 = `mixrandregret_London2022.snm'.

Package atveryend Info: Empty hook `BeforeClearDocument' on input line 937.
Package atveryend Info: Empty hook `AfterLastShipout' on input line 937.
 (mixrandregret_London2022.aux)
Package atveryend Info: Executing hook `AtVeryEndDocument' on input line 937.
Package atveryend Info: Executing hook `AtEndAfterFileList' on input line 937.
Package rerunfilecheck Info: File `mixrandregret_London2022.out' has not change
d.
(rerunfilecheck)             Checksum: 1E992614E4CB6589B410E40F425709A2;935.


LaTeX Font Warning: Some font shapes were not available, defaults substituted.


LaTeX Warning: There were multiply-defined labels.

 ) 
Here is how much of TeX's memory you used:
 38780 strings out of 492453
 793741 string characters out of 3118674
 871289 words of memory out of 3000000
 42310 multiletter control sequences out of 15000+200000
 623486 words of font info for 95 fonts, out of 3000000 for 9000
 1141 hyphenation exceptions out of 8191
 60i,18n,96p,918b,883s stack positions out of 5000i,500n,10000p,200000b,50000s
{C:/Users/u0133260/AppData/Local/Programs/MiKTeX 2.9/fonts/enc/dvips/lm/lm-rm
.enc}{C:/Users/u0133260/AppData/Local/Programs/MiKTeX 2.9/fonts/enc/dvips/lm/lm
-rmtt.enc}{C:/Users/u0133260/AppData/Local/Programs/MiKTeX 2.9/fonts/enc/dvips/
lm/lm-mathit.enc}{C:/Users/u0133260/AppData/Local/Programs/MiKTeX 2.9/fonts/enc
/dvips/lm/lm-mathsy.enc}{C:/Users/u0133260/AppData/Local/Programs/MiKTeX 2.9/fo
nts/enc/dvips/lm/lm-mathex.enc}{C:/Users/u0133260/AppData/Local/Programs/MiKTeX
 2.9/fonts/enc/dvips/fontawesome/fontawesometwo.enc}<C:/Users/u0133260/AppData/
Local/Programs/MiKTeX 2.9/fonts/type1/public/fontawesome/FontAwesome.pfb><C:/Us
ers/u0133260/AppData/Local/Programs/MiKTeX 2.9/fonts/type1/public/amsfonts/cm/c
mmi10.pfb><C:/Users/u0133260/AppData/Local/Programs/MiKTeX 2.9/fonts/type1/publ
ic/amsfonts/cm/cmmi7.pfb><C:/Users/u0133260/AppData/Local/Programs/MiKTeX 2.9/f
onts/type1/public/amsfonts/cm/cmr10.pfb><C:/Users/u0133260/AppData/Local/Progra
ms/MiKTeX 2.9/fonts/type1/public/amsfonts/cm/cmsy10.pfb><C:/Users/u0133260/AppD
ata/Local/Programs/MiKTeX 2.9/fonts/type1/public/lm/lmbx10.pfb><C:/Users/u01332
60/AppData/Local/Programs/MiKTeX 2.9/fonts/type1/public/lm/lmbx7.pfb><C:/Users/
u0133260/AppData/Local/Programs/MiKTeX 2.9/fonts/type1/public/lm/lmex10.pfb><C:
/Users/u0133260/AppData/Local/Programs/MiKTeX 2.9/fonts/type1/public/lm/lmmi10.
pfb><C:/Users/u0133260/AppData/Local/Programs/MiKTeX 2.9/fonts/type1/public/lm/
lmmi12.pfb><C:/Users/u0133260/AppData/Local/Programs/MiKTeX 2.9/fonts/type1/pub
lic/lm/lmmi5.pfb><C:/Users/u0133260/AppData/Local/Programs/MiKTeX 2.9/fonts/typ
e1/public/lm/lmmi6.pfb><C:/Users/u0133260/AppData/Local/Programs/MiKTeX 2.9/fon
ts/type1/public/lm/lmmi7.pfb><C:/Users/u0133260/AppData/Local/Programs/MiKTeX 2
.9/fonts/type1/public/lm/lmmi8.pfb><C:/Users/u0133260/AppData/Local/Programs/Mi
KTeX 2.9/fonts/type1/public/lm/lmmi9.pfb><C:/Users/u0133260/AppData/Local/Progr
ams/MiKTeX 2.9/fonts/type1/public/lm/lmmib10.pfb><C:/Users/u0133260/AppData/Loc
al/Programs/MiKTeX 2.9/fonts/type1/public/lm/lmmib7.pfb><C:/Users/u0133260/AppD
ata/Local/Programs/MiKTeX 2.9/fonts/type1/public/lm/lmr10.pfb><C:/Users/u013326
0/AppData/Local/Programs/MiKTeX 2.9/fonts/type1/public/lm/lmr7.pfb><C:/Users/u0
133260/AppData/Local/Programs/MiKTeX 2.9/fonts/type1/public/lm/lmr9.pfb><C:/Use
rs/u0133260/AppData/Local/Programs/MiKTeX 2.9/fonts/type1/public/lm/lmss10.pfb>
<C:/Users/u0133260/AppData/Local/Programs/MiKTeX 2.9/fonts/type1/public/lm/lmss
12.pfb><C:/Users/u0133260/AppData/Local/Programs/MiKTeX 2.9/fonts/type1/public/
lm/lmss8.pfb><C:/Users/u0133260/AppData/Local/Programs/MiKTeX 2.9/fonts/type1/p
ublic/lm/lmss9.pfb><C:/Users/u0133260/AppData/Local/Programs/MiKTeX 2.9/fonts/t
ype1/public/lm/lmssbo10.pfb><C:/Users/u0133260/AppData/Local/Programs/MiKTeX 2.
9/fonts/type1/public/lm/lmssbx10.pfb><C:/Users/u0133260/AppData/Local/Programs/
MiKTeX 2.9/fonts/type1/public/lm/lmsso10.pfb><C:/Users/u0133260/AppData/Local/P
rograms/MiKTeX 2.9/fonts/type1/public/lm/lmsso8.pfb><C:/Users/u0133260/AppData/
Local/Programs/MiKTeX 2.9/fonts/type1/public/lm/lmsso9.pfb><C:/Users/u0133260/A
ppData/Local/Programs/MiKTeX 2.9/fonts/type1/public/lm/lmsy10.pfb><C:/Users/u01
33260/AppData/Local/Programs/MiKTeX 2.9/fonts/type1/public/lm/lmsy6.pfb><C:/Use
rs/u0133260/AppData/Local/Programs/MiKTeX 2.9/fonts/type1/public/lm/lmsy7.pfb><
C:/Users/u0133260/AppData/Local/Programs/MiKTeX 2.9/fonts/type1/public/lm/lmsy8
.pfb><C:/Users/u0133260/AppData/Local/Programs/MiKTeX 2.9/fonts/type1/public/lm
/lmsy9.pfb><C:/Users/u0133260/AppData/Local/Programs/MiKTeX 2.9/fonts/type1/pub
lic/lm/lmtk10.pfb><C:/Users/u0133260/AppData/Local/Programs/MiKTeX 2.9/fonts/ty
pe1/public/lm/lmtt10.pfb><C:/Users/u0133260/AppData/Local/Programs/MiKTeX 2.9/f
onts/type1/public/lm/lmtt8.pfb><C:/Users/u0133260/AppData/Local/Programs/MiKTeX
 2.9/fonts/type1/public/amsfonts/symbols/msam10.pfb>
Output written on mixrandregret_London2022.pdf (33 pages, 802196 bytes).
PDF statistics:
 624 PDF objects out of 1000 (max. 8388607)
 94 named destinations out of 1000 (max. 500000)
 276 words of extra memory for PDF output out of 10000 (max. 10000000)

