. gen ntt = -1 * total_time

. mixrandregret choice  total_cost , gr(cs) alt(altern) rand(ntt ) ln(1) id(id) ///
> nocons cluster(id)  nrep(500) tech(bhhh) from(b_mixrrm) nolog

Case ID variable: cs                           Number of cases    =       1060
Alternative variable: altern                   
Random variable(s): ntt                        

                                 (Std. Err. adjusted for  106 clusters in id)

Mixed random regret model                       Number of obs     =      3,180
                                                Wald chi2(2)      =    1230.55
Log likelihood = -785.27671                     Prob > chi2       =     0.0000

------------------------------------------------------------------------------
             |                 OPG
      choice |      Coef.   Std. Err.      z    P>|z|     [95% Conf. Interval]
-------------+----------------------------------------------------------------
Mean         |
  total_cost |  -1.217682   .0442047   -27.55   0.000    -1.304321   -1.131042
         ntt |  -1.312285   .1562202    -8.40   0.000    -1.618471   -1.006099
-------------+----------------------------------------------------------------
SD           |
         ntt |   1.363632   .1185994    11.50   0.000     1.131181    1.596082
------------------------------------------------------------------------------

The sign of the estimated standard deviations is irrelevant: interpret them as
being positive
