. mixrandregret choice  total_cost , gr(cs) alt(altern) rand(total_time) id(id) ///
> nocons cluster(id)  nrep(500) from(init_mix_rrm) tech(bhhh)  nolog

Case ID variable: cs                           Number of cases    =       1060
Alternative variable: altern                   
Random variable(s): total_time                 

                                 (Std. Err. adjusted for  106 clusters in id)

Mixed random regret model                       Number of obs     =      3,180
                                                Wald chi2(2)      =     606.11
Log likelihood = -771.05731                     Prob > chi2       =     0.0000

------------------------------------------------------------------------------
             |                 OPG
      choice |      Coef.   Std. Err.      z    P>|z|     [95% Conf. Interval]
-------------+----------------------------------------------------------------
Mean         |
  total_cost |  -1.102136   .0449727   -24.51   0.000    -1.190281   -1.013991
  total_time |  -.3580736   .0581449    -6.16   0.000    -.4720355   -.2441117
-------------+----------------------------------------------------------------
SD           |
  total_time |   .5068268    .041366    12.25   0.000      .425751    .5879027
------------------------------------------------------------------------------

The sign of the estimated standard deviations is irrelevant: interpret them as
being positive

. matrix b_mixrrm = e(b)

